#
# There is insufficient memory for the Java Runtime Environment to continue.
# Native memory allocation (mmap) failed to map 117440512 bytes for G1 virtual space
# Possible reasons:
#   The system is out of physical RAM or swap space
#   The process is running with CompressedOops enabled, and the Java Heap may be blocking the growth of the native heap
# Possible solutions:
#   Reduce memory load on the system
#   Increase physical memory or swap space
#   Check if swap backing store is full
#   Decrease Java heap size (-Xmx/-Xms)
#   Decrease number of Java threads
#   Decrease Java thread stack sizes (-Xss)
#   Set larger code cache with -XX:ReservedCodeCacheSize=
#   JVM is running with Unscaled Compressed Oops mode in which the Java heap is
#     placed in the first 4GB address space. The Java Heap base address is the
#     maximum limit for the native heap growth. Please use -XX:HeapBaseMinAddress
#     to set the Java Heap base and to place the Java Heap above 4GB virtual address.
# This output file may be truncated or incomplete.
#
#  Out of Memory Error (os_windows.cpp:3530), pid=14400, tid=7292
#
# JRE version:  (18.0.2+9) (build )
# Java VM: Java HotSpot(TM) 64-Bit Server VM (18.0.2+9-61, mixed mode, sharing, tiered, compressed oops, compressed class ptrs, g1 gc, windows-amd64)
# No core dump will be written. Minidumps are not enabled by default on client versions of Windows
#

---------------  S U M M A R Y ------------

Command Line: -Dfile.encoding=windows-1252 -Duser.country=ES -Duser.language=es -Duser.variant com.utn.EBS.EbsApplication

Host: AMD A10-7300 Radeon R6, 10 Compute Cores 4C+6G , 4 cores, 6G,  Windows 10 , 64 bit Build 19041 (10.0.19041.3570)
Time: Tue Nov  7 17:41:38 2023 Hora estándar de Argentina elapsed time: 0.033107 seconds (0d 0h 0m 0s)

---------------  T H R E A D  ---------------

Current thread (0x00000212294c77f0):  JavaThread "Unknown thread" [_thread_in_vm, id=7292, stack(0x000000f5d9900000,0x000000f5d9a00000)]

Stack: [0x000000f5d9900000,0x000000f5d9a00000]
Native frames: (J=compiled Java code, j=interpreted, Vv=VM code, C=native code)
V  [jvm.dll+0x6993ca]
V  [jvm.dll+0x7f481d]
V  [jvm.dll+0x7f612e]
V  [jvm.dll+0x7f67e3]
V  [jvm.dll+0x25cdaf]
V  [jvm.dll+0x696319]
V  [jvm.dll+0x68ae4a]
V  [jvm.dll+0x3223eb]
V  [jvm.dll+0x329dc6]
V  [jvm.dll+0x37eade]
V  [jvm.dll+0x37ed0f]
V  [jvm.dll+0x2fa16a]
V  [jvm.dll+0x2fb1cd]
V  [jvm.dll+0x7c3450]
V  [jvm.dll+0x38be61]
V  [jvm.dll+0x7a2073]
V  [jvm.dll+0x40dc3f]
V  [jvm.dll+0x40f611]
C  [jli.dll+0x526b]
C  [ucrtbase.dll+0x21bb2]
C  [KERNEL32.DLL+0x17344]
C  [ntdll.dll+0x526b1]


---------------  P R O C E S S  ---------------

Threads class SMR info:
_java_thread_list=0x00007ffc8495e550, length=0, elements={
}

Java Threads: ( => current thread )

Other Threads:
  0x000002122951f660 WorkerThread "GC Thread#0" [stack: 0x000000f5d9a00000,0x000000f5d9b00000] [id=13612]
  0x000002122952e390 ConcurrentGCThread "G1 Main Marker" [stack: 0x000000f5d9b00000,0x000000f5d9c00000] [id=3744]
  0x000002122952fd90 WorkerThread "G1 Conc#0" [stack: 0x000000f5d9c00000,0x000000f5d9d00000] [id=1076]

[error occurred during error reporting (printing all threads), id 0xc0000005, EXCEPTION_ACCESS_VIOLATION (0xc0000005) at pc=0x00007ffc8418a707]

VM state: not at safepoint (not fully initialized)

VM Mutex/Monitor currently owned by a thread:  ([mutex/lock_event])
[0x00000212294c2e10] Heap_lock - owner thread: 0x00000212294c77f0

Heap address: 0x0000000091000000, size: 1776 MB, Compressed Oops mode: 32-bit

CDS archive(s) mapped at: [0x0000000000000000-0x0000000000000000-0x0000000000000000), size 0, SharedBaseAddress: 0x0000000800000000, ArchiveRelocationMode: 0.
Narrow klass base: 0x0000000000000000, Narrow klass shift: 0, Narrow klass range: 0x0

GC Precious Log:
 CardTable entry size: 512
 Card Set container configuration: InlinePtr #cards 5 size 8 Array Of Cards #cards 12 size 40 Howl #buckets 4 coarsen threshold 1843 Howl Bitmap #cards 512 size 80 coarsen threshold 460 Card regions per heap region 1 cards per card region 2048

Heap:
 garbage-first heap   total 0K, used 0K [0x0000000091000000, 0x0000000100000000)
  region size 1024K, 0 young (0K), 0 survivors (0K)

[error occurred during error reporting (printing heap information), id 0xc0000005, EXCEPTION_ACCESS_VIOLATION (0xc0000005) at pc=0x00007ffc84571859]

GC Heap History (0 events):
No events

Deoptimization events (0 events):
No events

Classes loaded (0 events):
No events

Classes unloaded (0 events):
No events

Classes redefined (0 events):
No events

Internal exceptions (0 events):
No events

VM Operations (0 events):
No events

Events (1 events):
Event: 0.014 Loaded shared library C:\Program Files\Java\jdk-18.0.2\bin\java.dll


Dynamic libraries:
0x00007ff7d24d0000 - 0x00007ff7d24e0000 	C:\Program Files\Java\jdk-18.0.2\bin\java.exe
0x00007ffcd1110000 - 0x00007ffcd1307000 	C:\WINDOWS\SYSTEM32\ntdll.dll
0x00007ffccf350000 - 0x00007ffccf40d000 	C:\WINDOWS\System32\KERNEL32.DLL
0x00007ffcce7f0000 - 0x00007ffcceae6000 	C:\WINDOWS\System32\KERNELBASE.dll
0x00007ffccf070000 - 0x00007ffccf170000 	C:\WINDOWS\System32\ucrtbase.dll
0x00007ffcc51a0000 - 0x00007ffcc51ba000 	C:\Program Files\Java\jdk-18.0.2\bin\VCRUNTIME140.dll
0x00007ffcc51c0000 - 0x00007ffcc51d8000 	C:\Program Files\Java\jdk-18.0.2\bin\jli.dll
0x00007ffcd0a00000 - 0x00007ffcd0aae000 	C:\WINDOWS\System32\ADVAPI32.dll
0x00007ffccfe80000 - 0x00007ffccff1e000 	C:\WINDOWS\System32\msvcrt.dll
0x00007ffcd0000000 - 0x00007ffcd009c000 	C:\WINDOWS\System32\sechost.dll
0x00007ffcd0ab0000 - 0x00007ffcd0bd6000 	C:\WINDOWS\System32\RPCRT4.dll
0x00007ffcd00a0000 - 0x00007ffcd023e000 	C:\WINDOWS\System32\USER32.dll
0x00007ffccf040000 - 0x00007ffccf062000 	C:\WINDOWS\System32\win32u.dll
0x00007ffccff20000 - 0x00007ffccff4c000 	C:\WINDOWS\System32\GDI32.dll
0x00007ffccedf0000 - 0x00007ffccef0a000 	C:\WINDOWS\System32\gdi32full.dll
0x00007ffcced50000 - 0x00007ffcceded000 	C:\WINDOWS\System32\msvcp_win.dll
0x00007ffcc0580000 - 0x00007ffcc081a000 	C:\WINDOWS\WinSxS\amd64_microsoft.windows.common-controls_6595b64144ccf1df_6.0.19041.3570_none_60bb2a3971f3e41a\COMCTL32.dll
0x00007ffcc7f10000 - 0x00007ffcc7f1a000 	C:\WINDOWS\SYSTEM32\VERSION.dll
0x00007ffccfdf0000 - 0x00007ffccfe20000 	C:\WINDOWS\System32\IMM32.DLL
0x00007ffcc3420000 - 0x00007ffcc342c000 	C:\Program Files\Java\jdk-18.0.2\bin\vcruntime140_1.dll
0x00007ffcc3390000 - 0x00007ffcc341d000 	C:\Program Files\Java\jdk-18.0.2\bin\msvcp140.dll
0x00007ffc83e80000 - 0x00007ffc84a91000 	C:\Program Files\Java\jdk-18.0.2\bin\server\jvm.dll
0x00007ffccf270000 - 0x00007ffccf278000 	C:\WINDOWS\System32\PSAPI.DLL
0x00007ffcc9a10000 - 0x00007ffcc9a19000 	C:\WINDOWS\SYSTEM32\WSOCK32.dll
0x00007ffcc56a0000 - 0x00007ffcc56c7000 	C:\WINDOWS\SYSTEM32\WINMM.dll
0x00007ffccfd80000 - 0x00007ffccfdeb000 	C:\WINDOWS\System32\WS2_32.dll
0x00007ffccc690000 - 0x00007ffccc6a2000 	C:\WINDOWS\SYSTEM32\kernel.appcore.dll
0x00007ffcc3380000 - 0x00007ffcc338a000 	C:\Program Files\Java\jdk-18.0.2\bin\jimage.dll
0x00007ffcb7a00000 - 0x00007ffcb7be4000 	C:\WINDOWS\SYSTEM32\DBGHELP.DLL
0x00007ffcb79c0000 - 0x00007ffcb79f4000 	C:\WINDOWS\SYSTEM32\dbgcore.DLL
0x00007ffccef10000 - 0x00007ffccef92000 	C:\WINDOWS\System32\bcryptPrimitives.dll
0x00007ffcc3350000 - 0x00007ffcc3375000 	C:\Program Files\Java\jdk-18.0.2\bin\java.dll

dbghelp: loaded successfully - version: 4.0.5 - missing functions: none
symbol engine: initialized successfully - sym options: 0x614 - pdb path: .;C:\Program Files\Java\jdk-18.0.2\bin;C:\WINDOWS\SYSTEM32;C:\WINDOWS\WinSxS\amd64_microsoft.windows.common-controls_6595b64144ccf1df_6.0.19041.3570_none_60bb2a3971f3e41a;C:\Program Files\Java\jdk-18.0.2\bin\server

VM Arguments:
jvm_args: -Dfile.encoding=windows-1252 -Duser.country=ES -Duser.language=es -Duser.variant 
java_command: com.utn.EBS.EbsApplication
java_class_path (initial): C:\Users\teach\Desktop\el buen sabor\el-buen-sabor-persistencia\El-Buen-Sabor-persistencia\build\classes\java\main;C:\Users\teach\Desktop\el buen sabor\el-buen-sabor-persistencia\El-Buen-Sabor-persistencia\build\resources\main;C:\Users\teach\.gradle\caches\modules-2\files-2.1\org.springframework.boot\spring-boot-devtools\3.1.4\41aad5bafdbcc2a5a07db8f937991f40fd8928f9\spring-boot-devtools-3.1.4.jar;C:\Users\teach\.gradle\caches\modules-2\files-2.1\org.springframework.boot\spring-boot-starter-data-jpa\3.1.4\f01d5f2ecbfef3159879c4a8450b49620ffb96c\spring-boot-starter-data-jpa-3.1.4.jar;C:\Users\teach\.gradle\caches\modules-2\files-2.1\org.springframework.boot\spring-boot-starter-data-rest\3.1.4\9f6d142c9bf1691825a16331d03798574623045c\spring-boot-starter-data-rest-3.1.4.jar;C:\Users\teach\.gradle\caches\modules-2\files-2.1\org.springframework.boot\spring-boot-starter-web\3.1.4\a0da0751207173c93f9e92e74cae430b53544576\spring-boot-starter-web-3.1.4.jar;C:\Users\teach\.gradle\caches\modules-2\files-2.1\org.springdoc\springdoc-openapi-starter-webmvc-ui\2.1.0\f31615e90b61d18a46a701d5c10e9e505a49a984\springdoc-openapi-starter-webmvc-ui-2.1.0.jar;C:\Users\teach\.gradle\caches\modules-2\files-2.1\com.h2database\h2\2.1.214\d5c2005c9e3279201e12d4776c948578b16bf8b2\h2-2.1.214.jar;C:\Users\teach\.gradle\caches\modules-2\files-2.1\org.springframework.boot\spring-boot-starter-aop\3.1.4\1842a0506c99583b5ce11525cbd3d52e719a3f8\spring-boot-starter-aop-3.1.4.jar;C:\Users\teach\.gradle\caches\modules-2\files-2.1\org.springframework.boot\spring-boot-starter-jdbc\3.1.4\d1c52a3392180c7925d32e5594a873db6c72239b\spring-boot-starter-jdbc-3.1.4.jar;C:\Users\teach\.gradle\caches\modules-2\files-2.1\org.springframework.boot\spring-boot-starter-json\3.1.4\2dafafeb1ca78678a970947c51def69723c7442c\spring-boot-starter-json-3.1.4.jar;C:\Users\teach\.gradle\caches\modules-2\files-2.1\org.springframework.boot\spring-boot-starter\3.1.4\8a615e53a9f45eecc4821917b1423daa68afcf19\spring-boot-starter-3.1.4.jar;C:\Users\teach\.gradle\caches\modules-2\files-2.1\org.springdoc\springdoc-openapi-starter-webmvc-api\2.1.0\966fa4ae5e4fbd559062df6b7cb2ec2e9cf23a20\springdoc-openapi-starter-webmvc-api-2.1.0.jar;C:\Users\teach\.gradle\caches\modules-2\files-2.1\org.springdoc\springdoc-openapi-starter-common\2.1.0\5c66d613cf1a505be1a8b92e60a481dea2c9552c\springdoc-openapi-starter-common-2.1.0.jar;C:\Users\teach\.gradle\caches\modules-2\files-2.1\org.springframework.boot\spring-boot-autoconfigure\3.1.4\ae53253f6330787f8b77a13aa90d6514597a20d0\spring-boot-autoconfigure-3.1.4.jar;C:\Users\teach\.gradle\caches\modules-2\files-2.1\org.springframework.boot\spring-boot\3.1.4\7a0a6349e28227a93f2b4efde897e87b3343bf3a\spring-boot-3.1.4.jar;C:\Users\teach\.gradle\caches\modules-2\files-2.1\org.hibernate.orm\hibernate-core\6.2.9.Final\a24ca4a5c003b6d0d9e005c6226f84cf4169bfeb\hibernate-core-6.2.9.Final.jar;C:\Users\teach\.gradle\caches\modules-2\files-2.1\org.springframework.data\spring-data-jpa\3.1.4\c51bbed97c35a0c6abced4854db85a5a5b216540\spring-data-jpa-3.1.4.jar;C:\Users\teach\.gradle\caches\modules-2\files-2.1\org.springframework\spring-aspects\6.0.12\f9f903318add53a20c0e33ead1b16abd669543f7\spring-aspects-6.0.12.jar;C:\Users\teach\.gradle\caches\modules-2\files-2.1\org.springframework.data\spring-data-rest-webmvc\4.1.4\f4f52725eb4d90de1e2267b38aa4b46991ae3d6d\spring-data-rest-webmvc-4.1.4.jar;C:\Users\teach\.gradle\caches\modules-2\files-2.1\org.springframework.boot\spring-boot-starter-tomcat\3.1.4\b8f55488574671d085f8d31c137c6f6d8d79cc24\spring-boot-starter-tomcat-3.1.4.jar;C:\Users\teach\.gradle\caches\modules-2\files-2.1\org.springframework\spring-webmvc\6.0.12\c7cf897d23da555a20e570d170f8f1541b04564d\spring-webmvc-6.0.12.jar;C:\Users\teach\.gradle\caches\modules-2\files-2.1\org.springframework.data\spring-data-rest-core\4.1.4\46a95d389580eb2a187aff688ae4ae5ecf557c17\spring-data-rest-core-4.1.4.jar;C:\Users\teach\.gradle\caches\modules-2\files-2.1\org.springframework.hateoas\spring-hateoas\2.1.2\480db81d13c77ceebb00350744303cd2effe2d2d\spring-hateoas-2.1.2.jar;C:\Users\teach\.gradle\caches\modules-2\files-2.1\org.springframework\spring-web\6.0.12\89a20bbd7c1f973dc246b1d790b34e0b3e28e74d\spring-web-6.0.12.jar;C:\Users\teach\.gradle\caches\modules-2\files-2.1\org.webjars\swagger-ui\4.18.2\2347d066b71cd3d20789b6d143829680b3123d81\swagger-ui-4.18.2.jar;C:\Users\teach\.gradle\caches\modules-2\files-2.1\org.springframework.plugin\spring-plugin-core\3.0.0\d56aa02dd7272dca30aa598dc8b72e823227046a\spring-plugin-core-3.0.0.jar;C:\Users\teach\.gradle\caches\modules-2\files-2.1\org.springframework\spring-context\6.0.12\f1964518e07796b2fdc1b9be2108485ffe1b4566\spring-context-6.0.12.jar;C:\Users\teach\.gradle\caches\modules-2\files-2.1\org.springframework\spring-aop\6.0.12\ba7ecdbdc2abaf172d49692b8110f65ecd2d250c\spring-aop-6.0.12.jar;C:\Users\teach\.gradle\caches\modules-2\files-2.1\org.springframework\spring-orm\6.0.12\174d73f69d878fd7ddeef9a25213d8932692a768\spring-orm-6.0.12.jar;C:\Users\teach\.gradle\caches\modules-2\files-2.1\org.springframework\spring-jdbc\6.0.12\cf14ce5078ab4b69b760ac91b2b9f23dab1e4457\spring-jdbc-6.0.12.jar;C:\Users\teach\.gradle\caches\modules-2\files-2.1\org.springframework.data\spring-data-commons\3.1.4\7b16d91221c7f9492f63a99e97a1d907f6bf540c\spring-data-commons-3.1.4.jar;C:\Users\teach\.gradle\caches\modules-2\files-2.1\org.springframework\spring-tx\6.0.12\b4e997baac7dd14593f3e4f815e3646279e9a63f\spring-tx-6.0.12.jar;C:\Users\teach\.gradle\caches\modules-2\files-2.1\org.springframework\spring-beans\6.0.12\dfa53afbf1ab65f36c60333443ed1109ed331504\spring-beans-6.0.12.jar;C:\Users\teach\.gradle\caches\modules-2\files-2.1\org.springframework\spring-expression\6.0.12\9283ad418f06f918e834b1981998a5f62a05b355\spring-expression-6.0.12.jar;C:\Users\teach\.gradle\caches\modules-2\files-2.1\org.springframework\spring-core\6.0.12\a55e70359371b03ee29dacd75c3b40d0baf3a656\spring-core-6.0.12.jar;C:\Users\teach\.gradle\caches\modules-2\files-2.1\org.aspectj\aspectjweaver\1.9.20\da562407e43f74c0f8f5f5df4065d85ec1736d01\aspectjweaver-1.9.20.jar;C:\Users\teach\.gradle\caches\modules-2\files-2.1\com.zaxxer\HikariCP\5.0.1\a74c7f0a37046846e88d54f7cb6ea6d565c65f9c\HikariCP-5.0.1.jar;C:\Users\teach\.gradle\caches\modules-2\files-2.1\jakarta.persistence\jakarta.persistence-api\3.1.0\66901fa1c373c6aff65c13791cc11da72060a8d6\jakarta.persistence-api-3.1.0.jar;C:\Users\teach\.gradle\caches\modules-2\files-2.1\jakarta.transaction\jakarta.transaction-api\2.0.1\51a520e3fae406abb84e2e1148e6746ce3f80a1a\jakarta.transaction-api-2.0.1.jar;C:\Users\teach\.gradle\caches\modules-2\files-2.1\org.jboss.logging\jboss-logging\3.5.3.Final\c88fc1d8a96d4c3491f55d4317458ccad53ca663\jboss-logging-3.5.3.Final.jar;C:\Users\teach\.gradle\caches\modules-2\files-2.1\org.hibernate.common\hibernate-commons-annotations\6.0.6.Final\77a5f94b56d49508e0ee334751db5b78e5ccd50c\hibernate-commons-annotations-6.0.6.Final.jar;C:\Users\teach\.gradle\caches\modules-2\files-2.1\io.smallrye\jandex\3.0.5\c548a4871b552292dbdd65409d3fda145c8925c1\jandex-3.0.5.jar;C:\Users\teach\.gradle\caches\modules-2\files-2.1\com.fasterxml\classmate\1.5.1\3fe0bed568c62df5e89f4f174c101eab25345b6c\classmate-1.5.1.jar;C:\Users\teach\.gradle\caches\modules-2\files-2.1\net.bytebuddy\byte-buddy\1.14.8\505d7d8937ff00cc55db79723e26c94069b87d66\byte-buddy-1.14.8.jar;C:\Users\teach\.gradle\caches\modules-2\files-2.1\org.glassfish.jaxb\jaxb-runtime\4.0.3\93af25be25b2c92c83e0ce61cb8b3ed23568f316\jaxb-runtime-4.0.3.jar;C:\Users\teach\.gradle\caches\modules-2\files-2.1\org.glassfish.jaxb\jaxb-core\4.0.3\e9093b4a82069a1d78ee9a3233ca387bca88861f\jaxb-core-4.0.3.jar;C:\Users\teach\.gradle\caches\modules-2\files-2.1\io.swagger.core.v3\swagger-core-jakarta\2.2.9\c6a36f687fb5fc7160469b8b69463e270024e3e2\swagger-core-jakarta-2.2.9.jar;C:\Users\teach\.gradle\caches\modules-2\files-2.1\jakarta.xml.bind\jakarta.xml.bind-api\4.0.1\ca2330866cbc624c7e5ce982e121db1125d23e15\jakarta.xml.bind-api-4.0.1.jar;C:\Users\teach\.gradle\caches\modules-2\files-2.1\jakarta.inject\jakarta.inject-api\2.0.1\4c28afe1991a941d7702fe1362c365f0a8641d1e\jakarta.inject-api-2.0.1.jar;C:\Users\teach\.gradle\caches\modules-2\files-2.1\org.antlr\antlr4-runtime\4.10.1\10839f875928f59c622d675091d51a43ea0dc5f7\antlr4-runtime-4.10.1.jar;C:\Users\teach\.gradle\caches\modules-2\files-2.1\jakarta.annotation\jakarta.annotation-api\2.1.1\48b9bda22b091b1f48b13af03fe36db3be6e1ae3\jakarta.annotation-api-2.1.1.jar;C:\Users\teach\.gradle\caches\modules-2\files-2.1\org.springframework.boot\spring-boot-starter-logging\3.1.4\e3533d7b6e2e9b5ca9b05dce2a9a2504aad5b889\spring-boot-starter-logging-3.1.4.jar;C:\Users\teach\.gradle\caches\modules-2\files-2.1\ch.qos.logback\logback-classic\1.4.11\54450c0c783e896a1a6d88c043bd2f1daba1c382\logback-classic-1.4.11.jar;C:\Users\teach\.gradle\caches\modules-2\files-2.1\org.apache.logging.log4j\log4j-to-slf4j\2.20.0\d37f81f8978e2672bc32c82712ab4b3f66624adc\log4j-to-slf4j-2.20.0.jar;C:\Users\teach\.gradle\caches\modules-2\files-2.1\org.slf4j\jul-to-slf4j\2.0.9\9ef7c70b248185845f013f49a33ff9ca65b7975\jul-to-slf4j-2.0.9.jar;C:\Users\teach\.gradle\caches\modules-2\files-2.1\com.jayway.jsonpath\json-path\2.8.0\b4ab3b7a9e425655a0ca65487bbbd6d7ddb75160\json-path-2.8.0.jar;C:\Users\teach\.gradle\caches\modules-2\files-2.1\org.slf4j\slf4j-api\2.0.9\7cf2726fdcfbc8610f9a71fb3ed639871f315340\slf4j-api-2.0.9.jar;C:\Users\teach\.gradle\caches\modules-2\files-2.1\com.fasterxml.jackson.datatype\jackson-datatype-jsr310\2.15.2\30d16ec2aef6d8094c5e2dce1d95034ca8b6cb42\jackson-datatype-jsr310-2.15.2.jar;C:\Users\teach\.gradle\caches\modules-2\files-2.1\io.swagger.core.v3\swagger-models-jakarta\2.2.9\29f6936e387e42762bdab01938b848a16ead0821\swagger-models-jakarta-2.2.9.jar;C:\Users\teach\.gradle\caches\modules-2\files-2.1\com.fasterxml.jackson.core\jackson-annotations\2.15.2\4724a65ac8e8d156a24898d50fd5dbd3642870b8\jackson-annotations-2.15.2.jar;C:\Users\teach\.gradle\caches\modules-2\files-2.1\com.fasterxml.jackson.module\jackson-module-parameter-names\2.15.2\75f8d2788db20f6c587c7a19e94fb6248c314241\jackson-module-parameter-names-2.15.2.jar;C:\Users\teach\.gradle\caches\modules-2\files-2.1\com.fasterxml.jackson.dataformat\jackson-dataformat-yaml\2.15.2\58194ff9f51915ad6bf6b6f24818232d7566418a\jackson-dataformat-yaml-2.15.2.jar;C:\Users\teach\.gradle\caches\modules-2\files-2.1\com.fasterxml.jackson.core\jackson-core\2.15.2\a6fe1836469a69b3ff66037c324d75fc66ef137c\jackson-core-2.15.2.jar;C:\Users\teach\.gradle\caches\modules-2\files-2.1\com.fasterxml.jackson.datatype\jackson-datatype-jdk8\2.15.2\66a50e089cfd2f93896b9b6f7a734cea7bcf2f31\jackson-datatype-jdk8-2.15.2.jar;C:\Users\teach\.gradle\caches\modules-2\files-2.1\com.fasterxml.jackson.core\jackson-databind\2.15.2\9353b021f10c307c00328f52090de2bdb4b6ff9c\jackson-databind-2.15.2.jar;C:\Users\teach\.gradle\caches\modules-2\files-2.1\org.yaml\snakeyaml\1.33\2cd0a87ff7df953f810c344bdf2fe3340b954c69\snakeyaml-1.33.jar;C:\Users\teach\.gradle\caches\modules-2\files-2.1\org.apache.tomcat.embed\tomcat-embed-websocket\10.1.13\540a79df9699435e4f7cb8983daab272d29d093f\tomcat-embed-websocket-10.1.13.jar;C:\Users\teach\.gradle\caches\modules-2\files-2.1\org.apache.tomcat.embed\tomcat-embed-core\10.1.13\6909967f2ed6c323108c2cc7f20586d6f7eb6455\tomcat-embed-core-10.1.13.jar;C:\Users\teach\.gradle\caches\modules-2\files-2.1\org.apache.tomcat.embed\tomcat-embed-el\10.1.13\22c8845f7528334905c582e48a3eeefab616b0a5\tomcat-embed-el-10.1.13.jar;C:\Users\teach\.gradle\caches\modules-2\files-2.1\io.micrometer\micrometer-observation\1.11.4\1aa2f6ba1dae42c403543bd14ea5f302d7ed6d85\micrometer-observation-1.11.4.jar;C:\Users\teach\.gradle\caches\modules-2\files-2.1\org.springframework\spring-jcl\6.0.12\44a1d1d105063d4eb9c5dc705245ef6fa4162520\spring-jcl-6.0.12.jar;C:\Users\teach\.gradle\caches\modules-2\files-2.1\org.eclipse.angus\angus-activation\2.0.1\eaafaf4eb71b400e4136fc3a286f50e34a68ecb7\angus-activation-2.0.1.jar;C:\Users\teach\.gradle\caches\modules-2\files-2.1\jakarta.activation\jakarta.activation-api\2.1.2\640c0d5aff45dbff1e1a1bc09673ff3a02b1ba12\jakarta.activation-api-2.1.2.jar;C:\Users\teach\.gradle\caches\modules-2\files-2.1\org.atteo\evo-inflector\1.3\4cf8b5f363c60e63f8b7688ac053590460f2768e\evo-inflector-1.3.jar;C:\Users\teach\.gradle\caches\modules-2\files-2.1\io.micrometer\micrometer-commons\1.11.4\6dfbbc07ecad294bffacff0648d6eaa4de78f332\micrometer-commons-1.11.4.jar;C:\Users\teach\.gradle\caches\modules-2\files-2.1\org.glassfish.jaxb\txw2\4.0.3\47b8fe31c6d1a3382203af919400527389e01e9c\txw2-4.0.3.jar;C:\Users\teach\.gradle\caches\modules-2\files-2.1\com.sun.istack\istack-commons-runtime\4.1.2\18ec117c85f3ba0ac65409136afa8e42bc74e739\istack-commons-runtime-4.1.2.jar;C:\Users\teach\.gradle\caches\modules-2\files-2.1\ch.qos.logback\logback-core\1.4.11\2f9f280219a9922a74200eaf7138c4c17fb87c0f\logback-core-1.4.11.jar;C:\Users\teach\.gradle\caches\modules-2\files-2.1\org.apache.logging.log4j\log4j-api\2.20.0\1fe6082e660daf07c689a89c94dc0f49c26b44bb\log4j-api-2.20.0.jar;C:\Users\teach\.gradle\caches\modules-2\files-2.1\org.apache.commons\commons-lang3\3.12.0\c6842c86792ff03b9f1d1fe2aab8dc23aa6c6f0e\commons-lang3-3.12.0.jar;C:\Users\teach\.gradle\caches\modules-2\files-2.1\io.swagger.core.v3\swagger-annotations-jakarta\2.2.9\63d247840bb786dd37edd9dd5f3916aba545b44\swagger-annotations-jakarta-2.2.9.jar;C:\Users\teach\.gradle\caches\modules-2\files-2.1\jakarta.validation\jakarta.validation-api\3.0.2\92b6631659ba35ca09e44874d3eb936edfeee532\jakarta.validation-api-3.0.2.jar;C:\Users\teach\.gradle\caches\modules-2\files-2.1\net.minidev\json-smart\2.4.11\cc5888f14a5768f254b97bafe8b9fd29b31e872e\json-smart-2.4.11.jar;C:\Users\teach\.gradle\caches\modules-2\files-2.1\net.minidev\accessors-smart\2.4.11\245ceca7bdf3190fbb977045c852d5f3c8efece1\accessors-smart-2.4.11.jar;C:\Users\teach\.gradle\caches\modules-2\files-2.1\org.ow2.asm\asm\9.3\8e6300ef51c1d801a7ed62d07cd221aca3a90640\asm-9.3.jar
Launcher Type: SUN_STANDARD

[Global flags]
     intx CICompilerCount                          = 3                                         {product} {ergonomic}
     uint ConcGCThreads                            = 1                                         {product} {ergonomic}
     uint G1ConcRefinementThreads                  = 4                                         {product} {ergonomic}
   size_t G1HeapRegionSize                         = 1048576                                   {product} {ergonomic}
    uintx GCDrainStackTargetSize                   = 64                                        {product} {ergonomic}
   size_t InitialHeapSize                          = 117440512                                 {product} {ergonomic}
   size_t MarkStackSize                            = 4194304                                   {product} {ergonomic}
   size_t MaxHeapSize                              = 1862270976                                {product} {ergonomic}
   size_t MinHeapDeltaBytes                        = 1048576                                   {product} {ergonomic}
   size_t MinHeapSize                              = 8388608                                   {product} {ergonomic}
    uintx NonNMethodCodeHeapSize                   = 5832780                                {pd product} {ergonomic}
    uintx NonProfiledCodeHeapSize                  = 122912730                              {pd product} {ergonomic}
    uintx ProfiledCodeHeapSize                     = 122912730                              {pd product} {ergonomic}
    uintx ReservedCodeCacheSize                    = 251658240                              {pd product} {ergonomic}
     bool SegmentedCodeCache                       = true                                      {product} {ergonomic}
   size_t SoftMaxHeapSize                          = 1862270976                             {manageable} {ergonomic}
     bool UseCompressedClassPointers               = true                           {product lp64_product} {ergonomic}
     bool UseCompressedOops                        = true                           {product lp64_product} {ergonomic}
     bool UseG1GC                                  = true                                      {product} {ergonomic}
     bool UseLargePagesIndividualAllocation        = false                                  {pd product} {ergonomic}

Logging:
Log output configuration:
 #0: stdout all=warning uptime,level,tags foldmultilines=false
 #1: stderr all=off uptime,level,tags foldmultilines=false

Environment Variables:
JAVA_HOME=C:\Program Files\Java\jdk-18.0.2
PATH=C:\Gradle\gradle-8.3-bin\gradle-8.3\bin\bin;C:\Program Files\Java\jdk-18.0.2\bin;C:\WINDOWS\system32;C:\WINDOWS;C:\WINDOWS\system32\WindowsPowerShell\v1.0;C:\Program Files\Git\cmd;C:\Program Files\nodejs\;C:\WINDOWS\System32\Wbem;C:\WINDOWS\System32\OpenSSH\;C:\Users\teach\AppData\Local\Microsoft\WindowsApps;C:\Users\teach\AppData\Local\Programs\Microsoft VS Code\bin;C:\Program Files (x86)\ZinjaI\mingw32-gcc6\bin;C:\FlexBizon\bin;C:\Users\teach\AppData\Roaming\npm;C:\Gradle\gradle-8.3-bin\gradle-8.3\bin;C:\Users\teach\AppData\Local\GitHubDesktop\bin;C:\Program Files\Java\jdk-18.0.2\bin;
USERNAME=teach
OS=Windows_NT
PROCESSOR_IDENTIFIER=AMD64 Family 21 Model 48 Stepping 1, AuthenticAMD



---------------  S Y S T E M  ---------------

OS:
 Windows 10 , 64 bit Build 19041 (10.0.19041.3570)
OS uptime: 25 days 0:33 hours

CPU: total 4 (initial active 4) (4 cores per cpu, 1 threads per core) family 21 model 48 stepping 1 microcode 0x0, cx8, cmov, fxsr, mmx, 3dnowpref, sse, sse2, sse3, ssse3, sse4a, sse4.1, sse4.2, popcnt, lzcnt, tsc, tscinvbit, avx, aes, clmul, bmi1, fma, vzeroupper, clflush

Memory: 4k page, system-wide physical 7098M (556M free)
TotalPageFile size 8122M (AvailPageFile size 66M)
current process WorkingSet (physical memory assigned to process): 10M, peak: 10M
current process commit charge ("private bytes"): 52M, peak: 163M

vm_info: Java HotSpot(TM) 64-Bit Server VM (18.0.2+9-61) for windows-amd64 JRE (18.0.2+9-61), built on Jun  7 2022 13:09:01 by "mach5one" with MS VC++ 16.8 / 16.9 (VS2019)

END.
