#
# There is insufficient memory for the Java Runtime Environment to continue.
# Native memory allocation (malloc) failed to allocate 32744 bytes for Chunk::new
# Possible reasons:
#   The system is out of physical RAM or swap space
#   The process is running with CompressedOops enabled, and the Java Heap may be blocking the growth of the native heap
# Possible solutions:
#   Reduce memory load on the system
#   Increase physical memory or swap space
#   Check if swap backing store is full
#   Decrease Java heap size (-Xmx/-Xms)
#   Decrease number of Java threads
#   Decrease Java thread stack sizes (-Xss)
#   Set larger code cache with -XX:ReservedCodeCacheSize=
#   JVM is running with Unscaled Compressed Oops mode in which the Java heap is
#     placed in the first 4GB address space. The Java Heap base address is the
#     maximum limit for the native heap growth. Please use -XX:HeapBaseMinAddress
#     to set the Java Heap base and to place the Java Heap above 4GB virtual address.
# This output file may be truncated or incomplete.
#
#  Out of Memory Error (arena.cpp:184), pid=13728, tid=6084
#
# JRE version: Java(TM) SE Runtime Environment (18.0.2+9) (build 18.0.2+9-61)
# Java VM: Java HotSpot(TM) 64-Bit Server VM (18.0.2+9-61, mixed mode, sharing, tiered, compressed oops, compressed class ptrs, g1 gc, windows-amd64)
# No core dump will be written. Minidumps are not enabled by default on client versions of Windows
#

---------------  S U M M A R Y ------------

Command Line: -Dfile.encoding=windows-1252 -Duser.country=ES -Duser.language=es -Duser.variant com.utn.EBS.EbsApplication

Host: AMD A10-7300 Radeon R6, 10 Compute Cores 4C+6G , 4 cores, 6G,  Windows 10 , 64 bit Build 19041 (10.0.19041.3570)
Time: Tue Nov  7 17:59:23 2023 Hora estándar de Argentina elapsed time: 0.828168 seconds (0d 0h 0m 0s)

---------------  T H R E A D  ---------------

Current thread (0x000001f3ce4da280):  JavaThread "C2 CompilerThread1" daemon [_thread_in_native, id=6084, stack(0x000000e341f00000,0x000000e342000000)]


Current CompileTask:
C2:    828  546       4       java.util.jar.JarFile::getEntry (35 bytes)

Stack: [0x000000e341f00000,0x000000e342000000]
Native frames: (J=compiled Java code, j=interpreted, Vv=VM code, C=native code)
V  [jvm.dll+0x6993ca]
V  [jvm.dll+0x7f481d]
V  [jvm.dll+0x7f612e]
V  [jvm.dll+0x7f67e3]
V  [jvm.dll+0x25cdaf]
V  [jvm.dll+0xb8c2f]
V  [jvm.dll+0xb8fa5]
V  [jvm.dll+0x6c2588]
V  [jvm.dll+0x1d2c74]
V  [jvm.dll+0x2300a9]
V  [jvm.dll+0x22f321]
V  [jvm.dll+0x1ba01c]
V  [jvm.dll+0x23ec9a]
V  [jvm.dll+0x23cf85]
V  [jvm.dll+0x7a6e21]
V  [jvm.dll+0x7a125a]
V  [jvm.dll+0x698275]
C  [ucrtbase.dll+0x21bb2]
C  [KERNEL32.DLL+0x17344]
C  [ntdll.dll+0x526b1]


---------------  P R O C E S S  ---------------

Threads class SMR info:
_java_thread_list=0x000001f3ce4e3830, length=13, elements={
0x000001f3ab02e7c0, 0x000001f3c9fa5970, 0x000001f3c9fa64e0, 0x000001f3c9fbe700,
0x000001f3c9fbffc0, 0x000001f3c9fc0870, 0x000001f3c9fc1120, 0x000001f3c9fc1d00,
0x000001f3c9fc4db0, 0x000001f3c9fc56a0, 0x000001f3ce4b0ea0, 0x000001f3ce4bfb50,
0x000001f3ce4da280
}

Java Threads: ( => current thread )
  0x000001f3ab02e7c0 JavaThread "main" [_thread_in_vm, id=12280, stack(0x000000e340c00000,0x000000e340d00000)]
  0x000001f3c9fa5970 JavaThread "Reference Handler" daemon [_thread_blocked, id=9528, stack(0x000000e341300000,0x000000e341400000)]
  0x000001f3c9fa64e0 JavaThread "Finalizer" daemon [_thread_blocked, id=14888, stack(0x000000e341400000,0x000000e341500000)]
  0x000001f3c9fbe700 JavaThread "Signal Dispatcher" daemon [_thread_blocked, id=11204, stack(0x000000e341500000,0x000000e341600000)]
  0x000001f3c9fbffc0 JavaThread "Attach Listener" daemon [_thread_blocked, id=9712, stack(0x000000e341600000,0x000000e341700000)]
  0x000001f3c9fc0870 JavaThread "Service Thread" daemon [_thread_blocked, id=848, stack(0x000000e341700000,0x000000e341800000)]
  0x000001f3c9fc1120 JavaThread "Monitor Deflation Thread" daemon [_thread_blocked, id=6736, stack(0x000000e341800000,0x000000e341900000)]
  0x000001f3c9fc1d00 JavaThread "C2 CompilerThread0" daemon [_thread_in_native, id=15916, stack(0x000000e341900000,0x000000e341a00000)]
  0x000001f3c9fc4db0 JavaThread "C1 CompilerThread0" daemon [_thread_in_native, id=3452, stack(0x000000e341a00000,0x000000e341b00000)]
  0x000001f3c9fc56a0 JavaThread "Sweeper thread" daemon [_thread_blocked, id=8732, stack(0x000000e341b00000,0x000000e341c00000)]
  0x000001f3ce4b0ea0 JavaThread "Notification Thread" daemon [_thread_blocked, id=12596, stack(0x000000e341c00000,0x000000e341d00000)]
  0x000001f3ce4bfb50 JavaThread "Common-Cleaner" daemon [_thread_blocked, id=11956, stack(0x000000e341e00000,0x000000e341f00000)]
=>0x000001f3ce4da280 JavaThread "C2 CompilerThread1" daemon [_thread_in_native, id=6084, stack(0x000000e341f00000,0x000000e342000000)]

Other Threads:
  0x000001f3ad085740 VMThread "VM Thread" [stack: 0x000000e341200000,0x000000e341300000] [id=11156]
  0x000001f3c9f94aa0 WatcherThread "VM Periodic Task Thread" [stack: 0x000000e341d00000,0x000000e341e00000] [id=6508]
  0x000001f3ad06e870 WorkerThread "GC Thread#0" [stack: 0x000000e340d00000,0x000000e340e00000] [id=15440]
  0x000001f3ad07d4b0 ConcurrentGCThread "G1 Main Marker" [stack: 0x000000e340e00000,0x000000e340f00000] [id=1272]
  0x000001f3ad07f560 WorkerThread "G1 Conc#0" [stack: 0x000000e340f00000,0x000000e341000000] [id=7508]
  0x000001f3ad0ba300 ConcurrentGCThread "G1 Refine#0" [stack: 0x000000e341000000,0x000000e341100000] [id=13480]
  0x000001f3ad0bab20 ConcurrentGCThread "G1 Service" [stack: 0x000000e341100000,0x000000e341200000] [id=4932]

Threads with active compile tasks:
C2 CompilerThread0      868  545   !   4       jdk.internal.loader.URLClassPath$JarLoader::getResource (65 bytes)
C1 CompilerThread0      868  569       3       java.net.URLStreamHandler::parseURL (1124 bytes)
C2 CompilerThread1      869  546       4       java.util.jar.JarFile::getEntry (35 bytes)

VM state: not at safepoint (normal execution)

VM Mutex/Monitor currently owned by a thread: None

Heap address: 0x0000000091000000, size: 1776 MB, Compressed Oops mode: 32-bit

CDS archive(s) mapped at: [0x0000000800000000-0x0000000800ba0000-0x0000000800ba0000), size 12189696, SharedBaseAddress: 0x0000000800000000, ArchiveRelocationMode: 0.
Compressed class space mapped at: 0x0000000800c00000-0x0000000840c00000, reserved size: 1073741824
Narrow klass base: 0x0000000800000000, Narrow klass shift: 0, Narrow klass range: 0x100000000

GC Precious Log:
 CardTable entry size: 512
 Card Set container configuration: InlinePtr #cards 5 size 8 Array Of Cards #cards 12 size 40 Howl #buckets 4 coarsen threshold 1843 Howl Bitmap #cards 512 size 80 coarsen threshold 460 Card regions per heap region 1 cards per card region 2048
 CPUs: 4 total, 4 available
 Memory: 7098M
 Large Page Support: Disabled
 NUMA Support: Disabled
 Compressed Oops: Enabled (32-bit)
 Heap Region Size: 1M
 Heap Min Capacity: 8M
 Heap Initial Capacity: 112M
 Heap Max Capacity: 1776M
 Pre-touch: Disabled
 Parallel Workers: 4
 Concurrent Workers: 1
 Concurrent Refinement Workers: 4
 Periodic GC: Disabled

Heap:
 garbage-first heap   total 114688K, used 8192K [0x0000000091000000, 0x0000000100000000)
  region size 1024K, 9 young (9216K), 0 survivors (0K)
 Metaspace       used 1924K, committed 2112K, reserved 1114112K
  class space    used 156K, committed 256K, reserved 1048576K

Heap Regions: E=young(eden), S=young(survivor), O=old, HS=humongous(starts), HC=humongous(continues), CS=collection set, F=free, OA=open archive, CA=closed archive, TAMS=top-at-mark-start (previous, next)
|   0|0x0000000091000000, 0x0000000091100000, 0x0000000091100000|100%|HS|  |TAMS 0x0000000091000000, 0x0000000091000000| Complete 
|   1|0x0000000091100000, 0x0000000091100000, 0x0000000091200000|  0%| F|  |TAMS 0x0000000091100000, 0x0000000091100000| Untracked 
|   2|0x0000000091200000, 0x0000000091200000, 0x0000000091300000|  0%| F|  |TAMS 0x0000000091200000, 0x0000000091200000| Untracked 
|   3|0x0000000091300000, 0x0000000091300000, 0x0000000091400000|  0%| F|  |TAMS 0x0000000091300000, 0x0000000091300000| Untracked 
|   4|0x0000000091400000, 0x0000000091400000, 0x0000000091500000|  0%| F|  |TAMS 0x0000000091400000, 0x0000000091400000| Untracked 
|   5|0x0000000091500000, 0x0000000091500000, 0x0000000091600000|  0%| F|  |TAMS 0x0000000091500000, 0x0000000091500000| Untracked 
|   6|0x0000000091600000, 0x0000000091600000, 0x0000000091700000|  0%| F|  |TAMS 0x0000000091600000, 0x0000000091600000| Untracked 
|   7|0x0000000091700000, 0x0000000091700000, 0x0000000091800000|  0%| F|  |TAMS 0x0000000091700000, 0x0000000091700000| Untracked 
|   8|0x0000000091800000, 0x0000000091800000, 0x0000000091900000|  0%| F|  |TAMS 0x0000000091800000, 0x0000000091800000| Untracked 
|   9|0x0000000091900000, 0x0000000091900000, 0x0000000091a00000|  0%| F|  |TAMS 0x0000000091900000, 0x0000000091900000| Untracked 
|  10|0x0000000091a00000, 0x0000000091a00000, 0x0000000091b00000|  0%| F|  |TAMS 0x0000000091a00000, 0x0000000091a00000| Untracked 
|  11|0x0000000091b00000, 0x0000000091b00000, 0x0000000091c00000|  0%| F|  |TAMS 0x0000000091b00000, 0x0000000091b00000| Untracked 
|  12|0x0000000091c00000, 0x0000000091c00000, 0x0000000091d00000|  0%| F|  |TAMS 0x0000000091c00000, 0x0000000091c00000| Untracked 
|  13|0x0000000091d00000, 0x0000000091d00000, 0x0000000091e00000|  0%| F|  |TAMS 0x0000000091d00000, 0x0000000091d00000| Untracked 
|  14|0x0000000091e00000, 0x0000000091e00000, 0x0000000091f00000|  0%| F|  |TAMS 0x0000000091e00000, 0x0000000091e00000| Untracked 
|  15|0x0000000091f00000, 0x0000000091f00000, 0x0000000092000000|  0%| F|  |TAMS 0x0000000091f00000, 0x0000000091f00000| Untracked 
|  16|0x0000000092000000, 0x0000000092000000, 0x0000000092100000|  0%| F|  |TAMS 0x0000000092000000, 0x0000000092000000| Untracked 
|  17|0x0000000092100000, 0x0000000092100000, 0x0000000092200000|  0%| F|  |TAMS 0x0000000092100000, 0x0000000092100000| Untracked 
|  18|0x0000000092200000, 0x0000000092200000, 0x0000000092300000|  0%| F|  |TAMS 0x0000000092200000, 0x0000000092200000| Untracked 
|  19|0x0000000092300000, 0x0000000092300000, 0x0000000092400000|  0%| F|  |TAMS 0x0000000092300000, 0x0000000092300000| Untracked 
|  20|0x0000000092400000, 0x0000000092400000, 0x0000000092500000|  0%| F|  |TAMS 0x0000000092400000, 0x0000000092400000| Untracked 
|  21|0x0000000092500000, 0x0000000092500000, 0x0000000092600000|  0%| F|  |TAMS 0x0000000092500000, 0x0000000092500000| Untracked 
|  22|0x0000000092600000, 0x0000000092600000, 0x0000000092700000|  0%| F|  |TAMS 0x0000000092600000, 0x0000000092600000| Untracked 
|  23|0x0000000092700000, 0x0000000092700000, 0x0000000092800000|  0%| F|  |TAMS 0x0000000092700000, 0x0000000092700000| Untracked 
|  24|0x0000000092800000, 0x0000000092800000, 0x0000000092900000|  0%| F|  |TAMS 0x0000000092800000, 0x0000000092800000| Untracked 
|  25|0x0000000092900000, 0x0000000092900000, 0x0000000092a00000|  0%| F|  |TAMS 0x0000000092900000, 0x0000000092900000| Untracked 
|  26|0x0000000092a00000, 0x0000000092a00000, 0x0000000092b00000|  0%| F|  |TAMS 0x0000000092a00000, 0x0000000092a00000| Untracked 
|  27|0x0000000092b00000, 0x0000000092b00000, 0x0000000092c00000|  0%| F|  |TAMS 0x0000000092b00000, 0x0000000092b00000| Untracked 
|  28|0x0000000092c00000, 0x0000000092c00000, 0x0000000092d00000|  0%| F|  |TAMS 0x0000000092c00000, 0x0000000092c00000| Untracked 
|  29|0x0000000092d00000, 0x0000000092d00000, 0x0000000092e00000|  0%| F|  |TAMS 0x0000000092d00000, 0x0000000092d00000| Untracked 
|  30|0x0000000092e00000, 0x0000000092e00000, 0x0000000092f00000|  0%| F|  |TAMS 0x0000000092e00000, 0x0000000092e00000| Untracked 
|  31|0x0000000092f00000, 0x0000000092f00000, 0x0000000093000000|  0%| F|  |TAMS 0x0000000092f00000, 0x0000000092f00000| Untracked 
|  32|0x0000000093000000, 0x0000000093000000, 0x0000000093100000|  0%| F|  |TAMS 0x0000000093000000, 0x0000000093000000| Untracked 
|  33|0x0000000093100000, 0x0000000093100000, 0x0000000093200000|  0%| F|  |TAMS 0x0000000093100000, 0x0000000093100000| Untracked 
|  34|0x0000000093200000, 0x0000000093200000, 0x0000000093300000|  0%| F|  |TAMS 0x0000000093200000, 0x0000000093200000| Untracked 
|  35|0x0000000093300000, 0x0000000093300000, 0x0000000093400000|  0%| F|  |TAMS 0x0000000093300000, 0x0000000093300000| Untracked 
|  36|0x0000000093400000, 0x0000000093400000, 0x0000000093500000|  0%| F|  |TAMS 0x0000000093400000, 0x0000000093400000| Untracked 
|  37|0x0000000093500000, 0x0000000093500000, 0x0000000093600000|  0%| F|  |TAMS 0x0000000093500000, 0x0000000093500000| Untracked 
|  38|0x0000000093600000, 0x0000000093600000, 0x0000000093700000|  0%| F|  |TAMS 0x0000000093600000, 0x0000000093600000| Untracked 
|  39|0x0000000093700000, 0x0000000093700000, 0x0000000093800000|  0%| F|  |TAMS 0x0000000093700000, 0x0000000093700000| Untracked 
|  40|0x0000000093800000, 0x0000000093800000, 0x0000000093900000|  0%| F|  |TAMS 0x0000000093800000, 0x0000000093800000| Untracked 
|  41|0x0000000093900000, 0x0000000093900000, 0x0000000093a00000|  0%| F|  |TAMS 0x0000000093900000, 0x0000000093900000| Untracked 
|  42|0x0000000093a00000, 0x0000000093a00000, 0x0000000093b00000|  0%| F|  |TAMS 0x0000000093a00000, 0x0000000093a00000| Untracked 
|  43|0x0000000093b00000, 0x0000000093b00000, 0x0000000093c00000|  0%| F|  |TAMS 0x0000000093b00000, 0x0000000093b00000| Untracked 
|  44|0x0000000093c00000, 0x0000000093c00000, 0x0000000093d00000|  0%| F|  |TAMS 0x0000000093c00000, 0x0000000093c00000| Untracked 
|  45|0x0000000093d00000, 0x0000000093d00000, 0x0000000093e00000|  0%| F|  |TAMS 0x0000000093d00000, 0x0000000093d00000| Untracked 
|  46|0x0000000093e00000, 0x0000000093e00000, 0x0000000093f00000|  0%| F|  |TAMS 0x0000000093e00000, 0x0000000093e00000| Untracked 
|  47|0x0000000093f00000, 0x0000000093f00000, 0x0000000094000000|  0%| F|  |TAMS 0x0000000093f00000, 0x0000000093f00000| Untracked 
|  48|0x0000000094000000, 0x0000000094000000, 0x0000000094100000|  0%| F|  |TAMS 0x0000000094000000, 0x0000000094000000| Untracked 
|  49|0x0000000094100000, 0x0000000094100000, 0x0000000094200000|  0%| F|  |TAMS 0x0000000094100000, 0x0000000094100000| Untracked 
|  50|0x0000000094200000, 0x0000000094200000, 0x0000000094300000|  0%| F|  |TAMS 0x0000000094200000, 0x0000000094200000| Untracked 
|  51|0x0000000094300000, 0x0000000094300000, 0x0000000094400000|  0%| F|  |TAMS 0x0000000094300000, 0x0000000094300000| Untracked 
|  52|0x0000000094400000, 0x0000000094400000, 0x0000000094500000|  0%| F|  |TAMS 0x0000000094400000, 0x0000000094400000| Untracked 
|  53|0x0000000094500000, 0x0000000094500000, 0x0000000094600000|  0%| F|  |TAMS 0x0000000094500000, 0x0000000094500000| Untracked 
|  54|0x0000000094600000, 0x0000000094600000, 0x0000000094700000|  0%| F|  |TAMS 0x0000000094600000, 0x0000000094600000| Untracked 
|  55|0x0000000094700000, 0x0000000094700000, 0x0000000094800000|  0%| F|  |TAMS 0x0000000094700000, 0x0000000094700000| Untracked 
|  56|0x0000000094800000, 0x0000000094800000, 0x0000000094900000|  0%| F|  |TAMS 0x0000000094800000, 0x0000000094800000| Untracked 
|  57|0x0000000094900000, 0x0000000094900000, 0x0000000094a00000|  0%| F|  |TAMS 0x0000000094900000, 0x0000000094900000| Untracked 
|  58|0x0000000094a00000, 0x0000000094a00000, 0x0000000094b00000|  0%| F|  |TAMS 0x0000000094a00000, 0x0000000094a00000| Untracked 
|  59|0x0000000094b00000, 0x0000000094b00000, 0x0000000094c00000|  0%| F|  |TAMS 0x0000000094b00000, 0x0000000094b00000| Untracked 
|  60|0x0000000094c00000, 0x0000000094c00000, 0x0000000094d00000|  0%| F|  |TAMS 0x0000000094c00000, 0x0000000094c00000| Untracked 
|  61|0x0000000094d00000, 0x0000000094d00000, 0x0000000094e00000|  0%| F|  |TAMS 0x0000000094d00000, 0x0000000094d00000| Untracked 
|  62|0x0000000094e00000, 0x0000000094e00000, 0x0000000094f00000|  0%| F|  |TAMS 0x0000000094e00000, 0x0000000094e00000| Untracked 
|  63|0x0000000094f00000, 0x0000000094f00000, 0x0000000095000000|  0%| F|  |TAMS 0x0000000094f00000, 0x0000000094f00000| Untracked 
|  64|0x0000000095000000, 0x0000000095000000, 0x0000000095100000|  0%| F|  |TAMS 0x0000000095000000, 0x0000000095000000| Untracked 
|  65|0x0000000095100000, 0x0000000095100000, 0x0000000095200000|  0%| F|  |TAMS 0x0000000095100000, 0x0000000095100000| Untracked 
|  66|0x0000000095200000, 0x0000000095200000, 0x0000000095300000|  0%| F|  |TAMS 0x0000000095200000, 0x0000000095200000| Untracked 
|  67|0x0000000095300000, 0x0000000095300000, 0x0000000095400000|  0%| F|  |TAMS 0x0000000095300000, 0x0000000095300000| Untracked 
|  68|0x0000000095400000, 0x0000000095400000, 0x0000000095500000|  0%| F|  |TAMS 0x0000000095400000, 0x0000000095400000| Untracked 
|  69|0x0000000095500000, 0x0000000095500000, 0x0000000095600000|  0%| F|  |TAMS 0x0000000095500000, 0x0000000095500000| Untracked 
|  70|0x0000000095600000, 0x0000000095600000, 0x0000000095700000|  0%| F|  |TAMS 0x0000000095600000, 0x0000000095600000| Untracked 
|  71|0x0000000095700000, 0x0000000095700000, 0x0000000095800000|  0%| F|  |TAMS 0x0000000095700000, 0x0000000095700000| Untracked 
|  72|0x0000000095800000, 0x0000000095800000, 0x0000000095900000|  0%| F|  |TAMS 0x0000000095800000, 0x0000000095800000| Untracked 
|  73|0x0000000095900000, 0x0000000095900000, 0x0000000095a00000|  0%| F|  |TAMS 0x0000000095900000, 0x0000000095900000| Untracked 
|  74|0x0000000095a00000, 0x0000000095a00000, 0x0000000095b00000|  0%| F|  |TAMS 0x0000000095a00000, 0x0000000095a00000| Untracked 
|  75|0x0000000095b00000, 0x0000000095b00000, 0x0000000095c00000|  0%| F|  |TAMS 0x0000000095b00000, 0x0000000095b00000| Untracked 
|  76|0x0000000095c00000, 0x0000000095c00000, 0x0000000095d00000|  0%| F|  |TAMS 0x0000000095c00000, 0x0000000095c00000| Untracked 
|  77|0x0000000095d00000, 0x0000000095d00000, 0x0000000095e00000|  0%| F|  |TAMS 0x0000000095d00000, 0x0000000095d00000| Untracked 
|  78|0x0000000095e00000, 0x0000000095e00000, 0x0000000095f00000|  0%| F|  |TAMS 0x0000000095e00000, 0x0000000095e00000| Untracked 
|  79|0x0000000095f00000, 0x0000000095f00000, 0x0000000096000000|  0%| F|  |TAMS 0x0000000095f00000, 0x0000000095f00000| Untracked 
|  80|0x0000000096000000, 0x0000000096000000, 0x0000000096100000|  0%| F|  |TAMS 0x0000000096000000, 0x0000000096000000| Untracked 
|  81|0x0000000096100000, 0x0000000096100000, 0x0000000096200000|  0%| F|  |TAMS 0x0000000096100000, 0x0000000096100000| Untracked 
|  82|0x0000000096200000, 0x0000000096200000, 0x0000000096300000|  0%| F|  |TAMS 0x0000000096200000, 0x0000000096200000| Untracked 
|  83|0x0000000096300000, 0x0000000096300000, 0x0000000096400000|  0%| F|  |TAMS 0x0000000096300000, 0x0000000096300000| Untracked 
|  84|0x0000000096400000, 0x0000000096400000, 0x0000000096500000|  0%| F|  |TAMS 0x0000000096400000, 0x0000000096400000| Untracked 
|  85|0x0000000096500000, 0x0000000096500000, 0x0000000096600000|  0%| F|  |TAMS 0x0000000096500000, 0x0000000096500000| Untracked 
|  86|0x0000000096600000, 0x0000000096600000, 0x0000000096700000|  0%| F|  |TAMS 0x0000000096600000, 0x0000000096600000| Untracked 
|  87|0x0000000096700000, 0x0000000096700000, 0x0000000096800000|  0%| F|  |TAMS 0x0000000096700000, 0x0000000096700000| Untracked 
|  88|0x0000000096800000, 0x0000000096800000, 0x0000000096900000|  0%| F|  |TAMS 0x0000000096800000, 0x0000000096800000| Untracked 
|  89|0x0000000096900000, 0x0000000096900000, 0x0000000096a00000|  0%| F|  |TAMS 0x0000000096900000, 0x0000000096900000| Untracked 
|  90|0x0000000096a00000, 0x0000000096a00000, 0x0000000096b00000|  0%| F|  |TAMS 0x0000000096a00000, 0x0000000096a00000| Untracked 
|  91|0x0000000096b00000, 0x0000000096b00000, 0x0000000096c00000|  0%| F|  |TAMS 0x0000000096b00000, 0x0000000096b00000| Untracked 
|  92|0x0000000096c00000, 0x0000000096c00000, 0x0000000096d00000|  0%| F|  |TAMS 0x0000000096c00000, 0x0000000096c00000| Untracked 
|  93|0x0000000096d00000, 0x0000000096d00000, 0x0000000096e00000|  0%| F|  |TAMS 0x0000000096d00000, 0x0000000096d00000| Untracked 
|  94|0x0000000096e00000, 0x0000000096e00000, 0x0000000096f00000|  0%| F|  |TAMS 0x0000000096e00000, 0x0000000096e00000| Untracked 
|  95|0x0000000096f00000, 0x0000000096f00000, 0x0000000097000000|  0%| F|  |TAMS 0x0000000096f00000, 0x0000000096f00000| Untracked 
|  96|0x0000000097000000, 0x0000000097000000, 0x0000000097100000|  0%| F|  |TAMS 0x0000000097000000, 0x0000000097000000| Untracked 
|  97|0x0000000097100000, 0x0000000097100000, 0x0000000097200000|  0%| F|  |TAMS 0x0000000097100000, 0x0000000097100000| Untracked 
|  98|0x0000000097200000, 0x0000000097200000, 0x0000000097300000|  0%| F|  |TAMS 0x0000000097200000, 0x0000000097200000| Untracked 
|  99|0x0000000097300000, 0x0000000097300000, 0x0000000097400000|  0%| F|  |TAMS 0x0000000097300000, 0x0000000097300000| Untracked 
| 100|0x0000000097400000, 0x0000000097400000, 0x0000000097500000|  0%| F|  |TAMS 0x0000000097400000, 0x0000000097400000| Untracked 
| 101|0x0000000097500000, 0x0000000097500000, 0x0000000097600000|  0%| F|  |TAMS 0x0000000097500000, 0x0000000097500000| Untracked 
| 102|0x0000000097600000, 0x0000000097600000, 0x0000000097700000|  0%| F|  |TAMS 0x0000000097600000, 0x0000000097600000| Untracked 
| 103|0x0000000097700000, 0x00000000977c8320, 0x0000000097800000| 78%| E|  |TAMS 0x0000000097700000, 0x0000000097700000| Complete 
| 104|0x0000000097800000, 0x0000000097900000, 0x0000000097900000|100%| E|CS|TAMS 0x0000000097800000, 0x0000000097800000| Complete 
| 105|0x0000000097900000, 0x0000000097a00000, 0x0000000097a00000|100%| E|CS|TAMS 0x0000000097900000, 0x0000000097900000| Complete 
| 106|0x0000000097a00000, 0x0000000097b00000, 0x0000000097b00000|100%| E|CS|TAMS 0x0000000097a00000, 0x0000000097a00000| Complete 
| 107|0x0000000097b00000, 0x0000000097c00000, 0x0000000097c00000|100%| E|CS|TAMS 0x0000000097b00000, 0x0000000097b00000| Complete 
| 108|0x0000000097c00000, 0x0000000097d00000, 0x0000000097d00000|100%| E|CS|TAMS 0x0000000097c00000, 0x0000000097c00000| Complete 
| 109|0x0000000097d00000, 0x0000000097e00000, 0x0000000097e00000|100%| E|CS|TAMS 0x0000000097d00000, 0x0000000097d00000| Complete 
| 110|0x0000000097e00000, 0x0000000097f00000, 0x0000000097f00000|100%| E|  |TAMS 0x0000000097e00000, 0x0000000097e00000| Complete 
| 111|0x0000000097f00000, 0x0000000098000000, 0x0000000098000000|100%| E|CS|TAMS 0x0000000097f00000, 0x0000000097f00000| Complete 

Card table byte_map: [0x000001f3c3cc0000,0x000001f3c4040000] _byte_map_base: 0x000001f3c3838000

Marking Bits (Prev, Next): (CMBitMap*) 0x000001f3ad06ed80, (CMBitMap*) 0x000001f3ad06edc0
 Prev Bits: [0x000001f3c43c0000, 0x000001f3c5f80000)
 Next Bits: [0x000001f3c5f80000, 0x000001f3c7b40000)

Polling page: 0x000001f3aaf20000

Metaspace:

Usage:
  Non-class:      1.73 MB used.
      Class:    156.92 KB used.
       Both:      1.88 MB used.

Virtual space:
  Non-class space:       64.00 MB reserved,       1.81 MB (  3%) committed,  1 nodes.
      Class space:        1.00 GB reserved,     256.00 KB ( <1%) committed,  1 nodes.
             Both:        1.06 GB reserved,       2.06 MB ( <1%) committed. 

Chunk freelists:
   Non-Class:  3.41 MB
       Class:  3.66 MB
        Both:  7.07 MB

MaxMetaspaceSize: unlimited
CompressedClassSpaceSize: 1.00 GB
Initial GC threshold: 21.00 MB
Current GC threshold: 21.00 MB
CDS: on
MetaspaceReclaimPolicy: balanced
 - commit_granule_bytes: 65536.
 - commit_granule_words: 8192.
 - virtual_space_node_default_size: 8388608.
 - enlarge_chunks_in_place: 1.
 - new_chunks_are_fully_committed: 0.
 - uncommit_free_chunks: 1.
 - use_allocation_guard: 0.


Internal statistics:

num_allocs_failed_limit: 0.
num_arena_births: 52.
num_arena_deaths: 0.
num_vsnodes_births: 2.
num_vsnodes_deaths: 0.
num_space_committed: 33.
num_space_uncommitted: 0.
num_chunks_returned_to_freelist: 0.
num_chunks_taken_from_freelist: 93.
num_chunk_merges: 0.
num_chunk_splits: 54.
num_chunks_enlarged: 37.
num_inconsistent_stats: 0.

CodeHeap 'non-profiled nmethods': size=120000Kb used=193Kb max_used=193Kb free=119806Kb
 bounds [0x000001f3bc410000, 0x000001f3bc680000, 0x000001f3c3940000]
CodeHeap 'profiled nmethods': size=120000Kb used=860Kb max_used=860Kb free=119139Kb
 bounds [0x000001f3b4ee0000, 0x000001f3b5150000, 0x000001f3bc410000]
CodeHeap 'non-nmethods': size=5760Kb used=1125Kb max_used=1152Kb free=4634Kb
 bounds [0x000001f3b4940000, 0x000001f3b4bb0000, 0x000001f3b4ee0000]
 total_blobs=958 nmethods=564 adapters=308
 compilation: enabled
              stopped_count=0, restarted_count=0
 full_count=0

Compilation events (20 events):
Event: 0.775 Thread 0x000001f3c9fc4db0 nmethod 558 0x000001f3b4fb0a10 code [0x000001f3b4fb0d40, 0x000001f3b4fb2328]
Event: 0.775 Thread 0x000001f3c9fc4db0  561       3       java.util.concurrent.ConcurrentHashMap$Traverser::advance (188 bytes)
Event: 0.776 Thread 0x000001f3c9fc4db0 nmethod 561 0x000001f3b4fb2810 code [0x000001f3b4fb2a60, 0x000001f3b4fb3648]
Event: 0.776 Thread 0x000001f3c9fc4db0  559       3       jdk.internal.org.objectweb.asm.SymbolTable::addType (81 bytes)
Event: 0.777 Thread 0x000001f3c9fc4db0 nmethod 559 0x000001f3b4fb3910 code [0x000001f3b4fb3b20, 0x000001f3b4fb4078]
Event: 0.777 Thread 0x000001f3c9fc4db0  560       3       java.util.concurrent.ConcurrentHashMap$BaseIterator::hasNext (13 bytes)
Event: 0.777 Thread 0x000001f3c9fc4db0 nmethod 560 0x000001f3b4fb4310 code [0x000001f3b4fb44a0, 0x000001f3b4fb4618]
Event: 0.778 Thread 0x000001f3c9fc4db0  563       3       jdk.internal.loader.BuiltinClassLoader::moduleReaderFor (45 bytes)
Event: 0.778 Thread 0x000001f3c9fc4db0 nmethod 563 0x000001f3b4fb4690 code [0x000001f3b4fb4880, 0x000001f3b4fb4f18]
Event: 0.778 Thread 0x000001f3c9fc4db0  564       3       jdk.internal.jimage.ImageStringsReader::hashCode (33 bytes)
Event: 0.779 Thread 0x000001f3c9fc4db0 nmethod 564 0x000001f3b4fb5110 code [0x000001f3b4fb52c0, 0x000001f3b4fb5438]
Event: 0.780 Thread 0x000001f3c9fc4db0  565       3       jdk.internal.loader.URLClassPath$JarLoader::findResource (18 bytes)
Event: 0.781 Thread 0x000001f3c9fc4db0 nmethod 565 0x000001f3b4fb5510 code [0x000001f3b4fb56c0, 0x000001f3b4fb5938]
Event: 0.781 Thread 0x000001f3c9fc4db0  566       3       java.lang.invoke.MethodType::checkPtypes (76 bytes)
Event: 0.782 Thread 0x000001f3c9fc4db0 nmethod 566 0x000001f3b4fb5a10 code [0x000001f3b4fb5c80, 0x000001f3b4fb65e8]
Event: 0.782 Thread 0x000001f3c9fc4db0  567       3       java.util.concurrent.ConcurrentHashMap$ValueIterator::next (34 bytes)
Event: 0.782 Thread 0x000001f3c9fc4db0 nmethod 567 0x000001f3b4fb6990 code [0x000001f3b4fb6b40, 0x000001f3b4fb6d98]
Event: 0.782 Thread 0x000001f3c9fc4db0  568       3       java.util.Optional::empty (6 bytes)
Event: 0.782 Thread 0x000001f3c9fc4db0 nmethod 568 0x000001f3b4fb6e90 code [0x000001f3b4fb7020, 0x000001f3b4fb7118]
Event: 0.788 Thread 0x000001f3c9fc4db0  569       3       java.net.URLStreamHandler::parseURL (1124 bytes)

GC Heap History (0 events):
No events

Deoptimization events (20 events):
Event: 0.579 Thread 0x000001f3ab02e7c0 Uncommon trap: trap_request=0xffffff45 fr.pc=0x000001f3bc4181e4 relative=0x0000000000000064
Event: 0.579 Thread 0x000001f3ab02e7c0 Uncommon trap: reason=unstable_if action=reinterpret pc=0x000001f3bc4181e4 method=java.io.WinNTFileSystem.isSlash(C)Z @ 9 c2
Event: 0.579 Thread 0x000001f3ab02e7c0 DEOPT PACKING pc=0x000001f3bc4181e4 sp=0x000000e340cfdb20
Event: 0.579 Thread 0x000001f3ab02e7c0 DEOPT UNPACKING pc=0x000001f3b49923a3 sp=0x000000e340cfdaa8 mode 2
Event: 0.585 Thread 0x000001f3ab02e7c0 DEOPT PACKING pc=0x000001f3b4f3d5a6 sp=0x000000e340cfce50
Event: 0.585 Thread 0x000001f3ab02e7c0 DEOPT UNPACKING pc=0x000001f3b4992b43 sp=0x000000e340cfc320 mode 0
Event: 0.588 Thread 0x000001f3ab02e7c0 DEOPT PACKING pc=0x000001f3b4f10456 sp=0x000000e340cf9770
Event: 0.588 Thread 0x000001f3ab02e7c0 DEOPT UNPACKING pc=0x000001f3b4992b43 sp=0x000000e340cf8c10 mode 0
Event: 0.612 Thread 0x000001f3ab02e7c0 DEOPT PACKING pc=0x000001f3b4f0d5e5 sp=0x000000e340cf9d00
Event: 0.612 Thread 0x000001f3ab02e7c0 DEOPT UNPACKING pc=0x000001f3b4992b43 sp=0x000000e340cf9178 mode 0
Event: 0.724 Thread 0x000001f3ab02e7c0 DEOPT PACKING pc=0x000001f3b4f0333e sp=0x000000e340cfc600
Event: 0.724 Thread 0x000001f3ab02e7c0 DEOPT UNPACKING pc=0x000001f3b4992b43 sp=0x000000e340cfbaa0 mode 0
Event: 0.741 Thread 0x000001f3ab02e7c0 Uncommon trap: trap_request=0xffffff45 fr.pc=0x000001f3bc427940 relative=0x00000000000002a0
Event: 0.741 Thread 0x000001f3ab02e7c0 Uncommon trap: reason=unstable_if action=reinterpret pc=0x000001f3bc427940 method=java.lang.String.startsWith(Ljava/lang/String;I)Z @ 14 c2
Event: 0.741 Thread 0x000001f3ab02e7c0 DEOPT PACKING pc=0x000001f3bc427940 sp=0x000000e340cfc720
Event: 0.741 Thread 0x000001f3ab02e7c0 DEOPT UNPACKING pc=0x000001f3b49923a3 sp=0x000000e340cfc680 mode 2
Event: 0.749 Thread 0x000001f3ab02e7c0 Uncommon trap: trap_request=0xffffff45 fr.pc=0x000001f3bc43ebfc relative=0x000000000000025c
Event: 0.749 Thread 0x000001f3ab02e7c0 Uncommon trap: reason=unstable_if action=reinterpret pc=0x000001f3bc43ebfc method=java.io.BufferedReader.read()I @ 19 c2
Event: 0.749 Thread 0x000001f3ab02e7c0 DEOPT PACKING pc=0x000001f3bc43ebfc sp=0x000000e340cfcb50
Event: 0.749 Thread 0x000001f3ab02e7c0 DEOPT UNPACKING pc=0x000001f3b49923a3 sp=0x000000e340cfca80 mode 2

Classes loaded (20 events):
Event: 0.755 Loading class sun/security/provider/PolicyFile$8
Event: 0.755 Loading class sun/security/provider/PolicyFile$8 done
Event: 0.755 Loading class sun/security/provider/PolicyFile$SelfPermission
Event: 0.755 Loading class sun/security/provider/PolicyFile$SelfPermission done
Event: 0.755 Loading class java/net/SocketPermissionCollection
Event: 0.756 Loading class java/net/SocketPermissionCollection done
Event: 0.756 Loading class java/net/SocketPermissionCollection$1
Event: 0.756 Loading class java/net/SocketPermissionCollection$1 done
Event: 0.756 Loading class java/util/PropertyPermissionCollection
Event: 0.757 Loading class java/util/PropertyPermissionCollection done
Event: 0.757 Loading class java/util/PropertyPermissionCollection$1
Event: 0.757 Loading class java/util/PropertyPermissionCollection$1 done
Event: 0.757 Loading class java/io/FilePermissionCollection
Event: 0.758 Loading class java/io/FilePermissionCollection done
Event: 0.758 Loading class java/io/FilePermissionCollection$1
Event: 0.758 Loading class java/io/FilePermissionCollection$1 done
Event: 0.758 Loading class java/security/PermissionsEnumerator
Event: 0.758 Loading class java/security/PermissionsEnumerator done
Event: 0.759 Loading class java/security/AccessControlException
Event: 0.759 Loading class java/security/AccessControlException done

Classes unloaded (0 events):
No events

Classes redefined (0 events):
No events

Internal exceptions (4 events):
Event: 0.680 Thread 0x000001f3ab02e7c0 Exception <a 'java/lang/NoSuchMethodError'{0x0000000097714198}: 'java.lang.Object java.lang.invoke.DirectMethodHandle$Holder.invokeSpecial(java.lang.Object, java.lang.Object, java.lang.Object, long, java.lang.Object)'> (0x0000000097714198) 
thrown [s\open\src\hotspot\share\interpreter\linkResolver.cpp, line 759]
Event: 0.680 Thread 0x000001f3ab02e7c0 Exception <a 'java/lang/NoSuchMethodError'{0x0000000097717e38}: 'java.lang.Object java.lang.invoke.Invokers$Holder.linkToTargetMethod(java.lang.Object, long, java.lang.Object, java.lang.Object)'> (0x0000000097717e38) 
thrown [s\open\src\hotspot\share\interpreter\linkResolver.cpp, line 759]
Event: 0.744 Thread 0x000001f3ab02e7c0 Exception <a 'java/lang/ClassNotFoundException'{0x0000000097750ae8}: javax/smartcardio/CardPermission> (0x0000000097750ae8) 
thrown [s\open\src\hotspot\share\classfile\systemDictionary.cpp, line 255]
Event: 0.752 Thread 0x000001f3ab02e7c0 Exception <a 'java/io/FileNotFoundException'{0x000000009775f040}> (0x000000009775f040) 
thrown [s\open\src\hotspot\share\prims\jni.cpp, line 516]

VM Operations (8 events):
Event: 0.322 Executing VM operation: HandshakeAllThreads
Event: 0.322 Executing VM operation: HandshakeAllThreads done
Event: 0.551 Executing VM operation: HandshakeAllThreads
Event: 0.551 Executing VM operation: HandshakeAllThreads done
Event: 0.578 Executing VM operation: HandshakeAllThreads
Event: 0.578 Executing VM operation: HandshakeAllThreads done
Event: 0.759 Executing VM operation: HandshakeAllThreads
Event: 0.759 Executing VM operation: HandshakeAllThreads done

Events (19 events):
Event: 0.018 Loaded shared library C:\Program Files\Java\jdk-18.0.2\bin\java.dll
Event: 0.059 Loaded shared library C:\Program Files\Java\jdk-18.0.2\bin\jsvml.dll
Event: 0.059 Thread 0x000001f3ab02e7c0 Thread added: 0x000001f3ab02e7c0
Event: 0.072 Thread 0x000001f3c9fa5970 Thread added: 0x000001f3c9fa5970
Event: 0.072 Thread 0x000001f3c9fa64e0 Thread added: 0x000001f3c9fa64e0
Event: 0.103 Thread 0x000001f3c9fbe700 Thread added: 0x000001f3c9fbe700
Event: 0.103 Thread 0x000001f3c9fbffc0 Thread added: 0x000001f3c9fbffc0
Event: 0.103 Thread 0x000001f3c9fc0870 Thread added: 0x000001f3c9fc0870
Event: 0.103 Thread 0x000001f3c9fc1120 Thread added: 0x000001f3c9fc1120
Event: 0.103 Thread 0x000001f3c9fc1d00 Thread added: 0x000001f3c9fc1d00
Event: 0.103 Thread 0x000001f3c9fc4db0 Thread added: 0x000001f3c9fc4db0
Event: 0.103 Thread 0x000001f3c9fc56a0 Thread added: 0x000001f3c9fc56a0
Event: 0.256 Thread 0x000001f3ce4b0ea0 Thread added: 0x000001f3ce4b0ea0
Event: 0.269 Thread 0x000001f3ce4bfb50 Thread added: 0x000001f3ce4bfb50
Event: 0.287 Loaded shared library C:\Program Files\Java\jdk-18.0.2\bin\net.dll
Event: 0.292 Loaded shared library C:\Program Files\Java\jdk-18.0.2\bin\nio.dll
Event: 0.302 Loaded shared library C:\Program Files\Java\jdk-18.0.2\bin\zip.dll
Event: 0.366 Thread 0x000001f3ce4da280 Thread added: 0x000001f3ce4da280
Event: 0.563 Loaded shared library C:\Program Files\Java\jdk-18.0.2\bin\jimage.dll


Dynamic libraries:
0x00007ff7d24d0000 - 0x00007ff7d24e0000 	C:\Program Files\Java\jdk-18.0.2\bin\java.exe
0x00007ffcd1110000 - 0x00007ffcd1307000 	C:\WINDOWS\SYSTEM32\ntdll.dll
0x00007ffccf350000 - 0x00007ffccf40d000 	C:\WINDOWS\System32\KERNEL32.DLL
0x00007ffcce7f0000 - 0x00007ffcceae6000 	C:\WINDOWS\System32\KERNELBASE.dll
0x00007ffccf070000 - 0x00007ffccf170000 	C:\WINDOWS\System32\ucrtbase.dll
0x00007ffcc51a0000 - 0x00007ffcc51ba000 	C:\Program Files\Java\jdk-18.0.2\bin\VCRUNTIME140.dll
0x00007ffcc51c0000 - 0x00007ffcc51d8000 	C:\Program Files\Java\jdk-18.0.2\bin\jli.dll
0x00007ffcd0a00000 - 0x00007ffcd0aae000 	C:\WINDOWS\System32\ADVAPI32.dll
0x00007ffccfe80000 - 0x00007ffccff1e000 	C:\WINDOWS\System32\msvcrt.dll
0x00007ffcd0000000 - 0x00007ffcd009c000 	C:\WINDOWS\System32\sechost.dll
0x00007ffcd0ab0000 - 0x00007ffcd0bd6000 	C:\WINDOWS\System32\RPCRT4.dll
0x00007ffcd00a0000 - 0x00007ffcd023e000 	C:\WINDOWS\System32\USER32.dll
0x00007ffccf040000 - 0x00007ffccf062000 	C:\WINDOWS\System32\win32u.dll
0x00007ffcc0580000 - 0x00007ffcc081a000 	C:\WINDOWS\WinSxS\amd64_microsoft.windows.common-controls_6595b64144ccf1df_6.0.19041.3570_none_60bb2a3971f3e41a\COMCTL32.dll
0x00007ffccff20000 - 0x00007ffccff4c000 	C:\WINDOWS\System32\GDI32.dll
0x00007ffccedf0000 - 0x00007ffccef0a000 	C:\WINDOWS\System32\gdi32full.dll
0x00007ffcced50000 - 0x00007ffcceded000 	C:\WINDOWS\System32\msvcp_win.dll
0x00007ffcc7f10000 - 0x00007ffcc7f1a000 	C:\WINDOWS\SYSTEM32\VERSION.dll
0x00007ffccfdf0000 - 0x00007ffccfe20000 	C:\WINDOWS\System32\IMM32.DLL
0x00007ffcc3420000 - 0x00007ffcc342c000 	C:\Program Files\Java\jdk-18.0.2\bin\vcruntime140_1.dll
0x00007ffcc3390000 - 0x00007ffcc341d000 	C:\Program Files\Java\jdk-18.0.2\bin\msvcp140.dll
0x00007ffc83e80000 - 0x00007ffc84a91000 	C:\Program Files\Java\jdk-18.0.2\bin\server\jvm.dll
0x00007ffccf270000 - 0x00007ffccf278000 	C:\WINDOWS\System32\PSAPI.DLL
0x00007ffcc56a0000 - 0x00007ffcc56c7000 	C:\WINDOWS\SYSTEM32\WINMM.dll
0x00007ffcc9a10000 - 0x00007ffcc9a19000 	C:\WINDOWS\SYSTEM32\WSOCK32.dll
0x00007ffccfd80000 - 0x00007ffccfdeb000 	C:\WINDOWS\System32\WS2_32.dll
0x00007ffccc690000 - 0x00007ffccc6a2000 	C:\WINDOWS\SYSTEM32\kernel.appcore.dll
0x00007ffcc3380000 - 0x00007ffcc338a000 	C:\Program Files\Java\jdk-18.0.2\bin\jimage.dll
0x00007ffcb7a00000 - 0x00007ffcb7be4000 	C:\WINDOWS\SYSTEM32\DBGHELP.DLL
0x00007ffcb79c0000 - 0x00007ffcb79f4000 	C:\WINDOWS\SYSTEM32\dbgcore.DLL
0x00007ffccef10000 - 0x00007ffccef92000 	C:\WINDOWS\System32\bcryptPrimitives.dll
0x00007ffcc3350000 - 0x00007ffcc3375000 	C:\Program Files\Java\jdk-18.0.2\bin\java.dll
0x00007ffca8950000 - 0x00007ffca8a26000 	C:\Program Files\Java\jdk-18.0.2\bin\jsvml.dll
0x00007ffccf510000 - 0x00007ffccfc54000 	C:\WINDOWS\System32\SHELL32.dll
0x00007ffccc890000 - 0x00007ffccd02b000 	C:\WINDOWS\SYSTEM32\windows.storage.dll
0x00007ffcd0cf0000 - 0x00007ffcd1044000 	C:\WINDOWS\System32\combase.dll
0x00007ffcce160000 - 0x00007ffcce18d000 	C:\WINDOWS\SYSTEM32\Wldp.dll
0x00007ffcd0c40000 - 0x00007ffcd0ced000 	C:\WINDOWS\System32\SHCORE.dll
0x00007ffcd0be0000 - 0x00007ffcd0c35000 	C:\WINDOWS\System32\shlwapi.dll
0x00007ffcce720000 - 0x00007ffcce745000 	C:\WINDOWS\SYSTEM32\profapi.dll
0x00007ffcc3330000 - 0x00007ffcc3343000 	C:\Program Files\Java\jdk-18.0.2\bin\net.dll
0x00007ffcc58f0000 - 0x00007ffcc59fa000 	C:\WINDOWS\SYSTEM32\WINHTTP.dll
0x00007ffccdec0000 - 0x00007ffccdf2a000 	C:\WINDOWS\system32\mswsock.dll
0x00007ffcc3310000 - 0x00007ffcc3326000 	C:\Program Files\Java\jdk-18.0.2\bin\nio.dll
0x00007ffcb9e70000 - 0x00007ffcb9e88000 	C:\Program Files\Java\jdk-18.0.2\bin\zip.dll

dbghelp: loaded successfully - version: 4.0.5 - missing functions: none
symbol engine: initialized successfully - sym options: 0x614 - pdb path: .;C:\Program Files\Java\jdk-18.0.2\bin;C:\WINDOWS\SYSTEM32;C:\WINDOWS\WinSxS\amd64_microsoft.windows.common-controls_6595b64144ccf1df_6.0.19041.3570_none_60bb2a3971f3e41a;C:\Program Files\Java\jdk-18.0.2\bin\server

VM Arguments:
jvm_args: -Dfile.encoding=windows-1252 -Duser.country=ES -Duser.language=es -Duser.variant 
java_command: com.utn.EBS.EbsApplication
java_class_path (initial): C:\Users\teach\Desktop\el buen sabor\el-buen-sabor-persistencia\El-Buen-Sabor-persistencia\build\classes\java\main;C:\Users\teach\Desktop\el buen sabor\el-buen-sabor-persistencia\El-Buen-Sabor-persistencia\build\resources\main;C:\Users\teach\.gradle\caches\modules-2\files-2.1\org.springframework.boot\spring-boot-devtools\3.1.4\41aad5bafdbcc2a5a07db8f937991f40fd8928f9\spring-boot-devtools-3.1.4.jar;C:\Users\teach\.gradle\caches\modules-2\files-2.1\org.springframework.boot\spring-boot-starter-data-jpa\3.1.4\f01d5f2ecbfef3159879c4a8450b49620ffb96c\spring-boot-starter-data-jpa-3.1.4.jar;C:\Users\teach\.gradle\caches\modules-2\files-2.1\org.springframework.boot\spring-boot-starter-data-rest\3.1.4\9f6d142c9bf1691825a16331d03798574623045c\spring-boot-starter-data-rest-3.1.4.jar;C:\Users\teach\.gradle\caches\modules-2\files-2.1\org.springframework.boot\spring-boot-starter-web\3.1.4\a0da0751207173c93f9e92e74cae430b53544576\spring-boot-starter-web-3.1.4.jar;C:\Users\teach\.gradle\caches\modules-2\files-2.1\org.springdoc\springdoc-openapi-starter-webmvc-ui\2.1.0\f31615e90b61d18a46a701d5c10e9e505a49a984\springdoc-openapi-starter-webmvc-ui-2.1.0.jar;C:\Users\teach\.gradle\caches\modules-2\files-2.1\com.h2database\h2\2.1.214\d5c2005c9e3279201e12d4776c948578b16bf8b2\h2-2.1.214.jar;C:\Users\teach\.gradle\caches\modules-2\files-2.1\org.springframework.boot\spring-boot-starter-aop\3.1.4\1842a0506c99583b5ce11525cbd3d52e719a3f8\spring-boot-starter-aop-3.1.4.jar;C:\Users\teach\.gradle\caches\modules-2\files-2.1\org.springframework.boot\spring-boot-starter-jdbc\3.1.4\d1c52a3392180c7925d32e5594a873db6c72239b\spring-boot-starter-jdbc-3.1.4.jar;C:\Users\teach\.gradle\caches\modules-2\files-2.1\org.springframework.boot\spring-boot-starter-json\3.1.4\2dafafeb1ca78678a970947c51def69723c7442c\spring-boot-starter-json-3.1.4.jar;C:\Users\teach\.gradle\caches\modules-2\files-2.1\org.springframework.boot\spring-boot-starter\3.1.4\8a615e53a9f45eecc4821917b1423daa68afcf19\spring-boot-starter-3.1.4.jar;C:\Users\teach\.gradle\caches\modules-2\files-2.1\org.springdoc\springdoc-openapi-starter-webmvc-api\2.1.0\966fa4ae5e4fbd559062df6b7cb2ec2e9cf23a20\springdoc-openapi-starter-webmvc-api-2.1.0.jar;C:\Users\teach\.gradle\caches\modules-2\files-2.1\org.springdoc\springdoc-openapi-starter-common\2.1.0\5c66d613cf1a505be1a8b92e60a481dea2c9552c\springdoc-openapi-starter-common-2.1.0.jar;C:\Users\teach\.gradle\caches\modules-2\files-2.1\org.springframework.boot\spring-boot-autoconfigure\3.1.4\ae53253f6330787f8b77a13aa90d6514597a20d0\spring-boot-autoconfigure-3.1.4.jar;C:\Users\teach\.gradle\caches\modules-2\files-2.1\org.springframework.boot\spring-boot\3.1.4\7a0a6349e28227a93f2b4efde897e87b3343bf3a\spring-boot-3.1.4.jar;C:\Users\teach\.gradle\caches\modules-2\files-2.1\org.hibernate.orm\hibernate-core\6.2.9.Final\a24ca4a5c003b6d0d9e005c6226f84cf4169bfeb\hibernate-core-6.2.9.Final.jar;C:\Users\teach\.gradle\caches\modules-2\files-2.1\org.springframework.data\spring-data-jpa\3.1.4\c51bbed97c35a0c6abced4854db85a5a5b216540\spring-data-jpa-3.1.4.jar;C:\Users\teach\.gradle\caches\modules-2\files-2.1\org.springframework\spring-aspects\6.0.12\f9f903318add53a20c0e33ead1b16abd669543f7\spring-aspects-6.0.12.jar;C:\Users\teach\.gradle\caches\modules-2\files-2.1\org.springframework.data\spring-data-rest-webmvc\4.1.4\f4f52725eb4d90de1e2267b38aa4b46991ae3d6d\spring-data-rest-webmvc-4.1.4.jar;C:\Users\teach\.gradle\caches\modules-2\files-2.1\org.springframework.boot\spring-boot-starter-tomcat\3.1.4\b8f55488574671d085f8d31c137c6f6d8d79cc24\spring-boot-starter-tomcat-3.1.4.jar;C:\Users\teach\.gradle\caches\modules-2\files-2.1\org.springframework\spring-webmvc\6.0.12\c7cf897d23da555a20e570d170f8f1541b04564d\spring-webmvc-6.0.12.jar;C:\Users\teach\.gradle\caches\modules-2\files-2.1\org.springframework.data\spring-data-rest-core\4.1.4\46a95d389580eb2a187aff688ae4ae5ecf557c17\spring-data-rest-core-4.1.4.jar;C:\Users\teach\.gradle\caches\modules-2\files-2.1\org.springframework.hateoas\spring-hateoas\2.1.2\480db81d13c77ceebb00350744303cd2effe2d2d\spring-hateoas-2.1.2.jar;C:\Users\teach\.gradle\caches\modules-2\files-2.1\org.springframework\spring-web\6.0.12\89a20bbd7c1f973dc246b1d790b34e0b3e28e74d\spring-web-6.0.12.jar;C:\Users\teach\.gradle\caches\modules-2\files-2.1\org.webjars\swagger-ui\4.18.2\2347d066b71cd3d20789b6d143829680b3123d81\swagger-ui-4.18.2.jar;C:\Users\teach\.gradle\caches\modules-2\files-2.1\org.springframework.plugin\spring-plugin-core\3.0.0\d56aa02dd7272dca30aa598dc8b72e823227046a\spring-plugin-core-3.0.0.jar;C:\Users\teach\.gradle\caches\modules-2\files-2.1\org.springframework\spring-context\6.0.12\f1964518e07796b2fdc1b9be2108485ffe1b4566\spring-context-6.0.12.jar;C:\Users\teach\.gradle\caches\modules-2\files-2.1\org.springframework\spring-aop\6.0.12\ba7ecdbdc2abaf172d49692b8110f65ecd2d250c\spring-aop-6.0.12.jar;C:\Users\teach\.gradle\caches\modules-2\files-2.1\org.springframework\spring-orm\6.0.12\174d73f69d878fd7ddeef9a25213d8932692a768\spring-orm-6.0.12.jar;C:\Users\teach\.gradle\caches\modules-2\files-2.1\org.springframework\spring-jdbc\6.0.12\cf14ce5078ab4b69b760ac91b2b9f23dab1e4457\spring-jdbc-6.0.12.jar;C:\Users\teach\.gradle\caches\modules-2\files-2.1\org.springframework.data\spring-data-commons\3.1.4\7b16d91221c7f9492f63a99e97a1d907f6bf540c\spring-data-commons-3.1.4.jar;C:\Users\teach\.gradle\caches\modules-2\files-2.1\org.springframework\spring-tx\6.0.12\b4e997baac7dd14593f3e4f815e3646279e9a63f\spring-tx-6.0.12.jar;C:\Users\teach\.gradle\caches\modules-2\files-2.1\org.springframework\spring-beans\6.0.12\dfa53afbf1ab65f36c60333443ed1109ed331504\spring-beans-6.0.12.jar;C:\Users\teach\.gradle\caches\modules-2\files-2.1\org.springframework\spring-expression\6.0.12\9283ad418f06f918e834b1981998a5f62a05b355\spring-expression-6.0.12.jar;C:\Users\teach\.gradle\caches\modules-2\files-2.1\org.springframework\spring-core\6.0.12\a55e70359371b03ee29dacd75c3b40d0baf3a656\spring-core-6.0.12.jar;C:\Users\teach\.gradle\caches\modules-2\files-2.1\org.aspectj\aspectjweaver\1.9.20\da562407e43f74c0f8f5f5df4065d85ec1736d01\aspectjweaver-1.9.20.jar;C:\Users\teach\.gradle\caches\modules-2\files-2.1\com.zaxxer\HikariCP\5.0.1\a74c7f0a37046846e88d54f7cb6ea6d565c65f9c\HikariCP-5.0.1.jar;C:\Users\teach\.gradle\caches\modules-2\files-2.1\jakarta.persistence\jakarta.persistence-api\3.1.0\66901fa1c373c6aff65c13791cc11da72060a8d6\jakarta.persistence-api-3.1.0.jar;C:\Users\teach\.gradle\caches\modules-2\files-2.1\jakarta.transaction\jakarta.transaction-api\2.0.1\51a520e3fae406abb84e2e1148e6746ce3f80a1a\jakarta.transaction-api-2.0.1.jar;C:\Users\teach\.gradle\caches\modules-2\files-2.1\org.jboss.logging\jboss-logging\3.5.3.Final\c88fc1d8a96d4c3491f55d4317458ccad53ca663\jboss-logging-3.5.3.Final.jar;C:\Users\teach\.gradle\caches\modules-2\files-2.1\org.hibernate.common\hibernate-commons-annotations\6.0.6.Final\77a5f94b56d49508e0ee334751db5b78e5ccd50c\hibernate-commons-annotations-6.0.6.Final.jar;C:\Users\teach\.gradle\caches\modules-2\files-2.1\io.smallrye\jandex\3.0.5\c548a4871b552292dbdd65409d3fda145c8925c1\jandex-3.0.5.jar;C:\Users\teach\.gradle\caches\modules-2\files-2.1\com.fasterxml\classmate\1.5.1\3fe0bed568c62df5e89f4f174c101eab25345b6c\classmate-1.5.1.jar;C:\Users\teach\.gradle\caches\modules-2\files-2.1\net.bytebuddy\byte-buddy\1.14.8\505d7d8937ff00cc55db79723e26c94069b87d66\byte-buddy-1.14.8.jar;C:\Users\teach\.gradle\caches\modules-2\files-2.1\org.glassfish.jaxb\jaxb-runtime\4.0.3\93af25be25b2c92c83e0ce61cb8b3ed23568f316\jaxb-runtime-4.0.3.jar;C:\Users\teach\.gradle\caches\modules-2\files-2.1\org.glassfish.jaxb\jaxb-core\4.0.3\e9093b4a82069a1d78ee9a3233ca387bca88861f\jaxb-core-4.0.3.jar;C:\Users\teach\.gradle\caches\modules-2\files-2.1\io.swagger.core.v3\swagger-core-jakarta\2.2.9\c6a36f687fb5fc7160469b8b69463e270024e3e2\swagger-core-jakarta-2.2.9.jar;C:\Users\teach\.gradle\caches\modules-2\files-2.1\jakarta.xml.bind\jakarta.xml.bind-api\4.0.1\ca2330866cbc624c7e5ce982e121db1125d23e15\jakarta.xml.bind-api-4.0.1.jar;C:\Users\teach\.gradle\caches\modules-2\files-2.1\jakarta.inject\jakarta.inject-api\2.0.1\4c28afe1991a941d7702fe1362c365f0a8641d1e\jakarta.inject-api-2.0.1.jar;C:\Users\teach\.gradle\caches\modules-2\files-2.1\org.antlr\antlr4-runtime\4.10.1\10839f875928f59c622d675091d51a43ea0dc5f7\antlr4-runtime-4.10.1.jar;C:\Users\teach\.gradle\caches\modules-2\files-2.1\jakarta.annotation\jakarta.annotation-api\2.1.1\48b9bda22b091b1f48b13af03fe36db3be6e1ae3\jakarta.annotation-api-2.1.1.jar;C:\Users\teach\.gradle\caches\modules-2\files-2.1\org.springframework.boot\spring-boot-starter-logging\3.1.4\e3533d7b6e2e9b5ca9b05dce2a9a2504aad5b889\spring-boot-starter-logging-3.1.4.jar;C:\Users\teach\.gradle\caches\modules-2\files-2.1\ch.qos.logback\logback-classic\1.4.11\54450c0c783e896a1a6d88c043bd2f1daba1c382\logback-classic-1.4.11.jar;C:\Users\teach\.gradle\caches\modules-2\files-2.1\org.apache.logging.log4j\log4j-to-slf4j\2.20.0\d37f81f8978e2672bc32c82712ab4b3f66624adc\log4j-to-slf4j-2.20.0.jar;C:\Users\teach\.gradle\caches\modules-2\files-2.1\org.slf4j\jul-to-slf4j\2.0.9\9ef7c70b248185845f013f49a33ff9ca65b7975\jul-to-slf4j-2.0.9.jar;C:\Users\teach\.gradle\caches\modules-2\files-2.1\com.jayway.jsonpath\json-path\2.8.0\b4ab3b7a9e425655a0ca65487bbbd6d7ddb75160\json-path-2.8.0.jar;C:\Users\teach\.gradle\caches\modules-2\files-2.1\org.slf4j\slf4j-api\2.0.9\7cf2726fdcfbc8610f9a71fb3ed639871f315340\slf4j-api-2.0.9.jar;C:\Users\teach\.gradle\caches\modules-2\files-2.1\com.fasterxml.jackson.datatype\jackson-datatype-jsr310\2.15.2\30d16ec2aef6d8094c5e2dce1d95034ca8b6cb42\jackson-datatype-jsr310-2.15.2.jar;C:\Users\teach\.gradle\caches\modules-2\files-2.1\io.swagger.core.v3\swagger-models-jakarta\2.2.9\29f6936e387e42762bdab01938b848a16ead0821\swagger-models-jakarta-2.2.9.jar;C:\Users\teach\.gradle\caches\modules-2\files-2.1\com.fasterxml.jackson.core\jackson-annotations\2.15.2\4724a65ac8e8d156a24898d50fd5dbd3642870b8\jackson-annotations-2.15.2.jar;C:\Users\teach\.gradle\caches\modules-2\files-2.1\com.fasterxml.jackson.module\jackson-module-parameter-names\2.15.2\75f8d2788db20f6c587c7a19e94fb6248c314241\jackson-module-parameter-names-2.15.2.jar;C:\Users\teach\.gradle\caches\modules-2\files-2.1\com.fasterxml.jackson.dataformat\jackson-dataformat-yaml\2.15.2\58194ff9f51915ad6bf6b6f24818232d7566418a\jackson-dataformat-yaml-2.15.2.jar;C:\Users\teach\.gradle\caches\modules-2\files-2.1\com.fasterxml.jackson.core\jackson-core\2.15.2\a6fe1836469a69b3ff66037c324d75fc66ef137c\jackson-core-2.15.2.jar;C:\Users\teach\.gradle\caches\modules-2\files-2.1\com.fasterxml.jackson.datatype\jackson-datatype-jdk8\2.15.2\66a50e089cfd2f93896b9b6f7a734cea7bcf2f31\jackson-datatype-jdk8-2.15.2.jar;C:\Users\teach\.gradle\caches\modules-2\files-2.1\com.fasterxml.jackson.core\jackson-databind\2.15.2\9353b021f10c307c00328f52090de2bdb4b6ff9c\jackson-databind-2.15.2.jar;C:\Users\teach\.gradle\caches\modules-2\files-2.1\org.yaml\snakeyaml\1.33\2cd0a87ff7df953f810c344bdf2fe3340b954c69\snakeyaml-1.33.jar;C:\Users\teach\.gradle\caches\modules-2\files-2.1\org.apache.tomcat.embed\tomcat-embed-websocket\10.1.13\540a79df9699435e4f7cb8983daab272d29d093f\tomcat-embed-websocket-10.1.13.jar;C:\Users\teach\.gradle\caches\modules-2\files-2.1\org.apache.tomcat.embed\tomcat-embed-core\10.1.13\6909967f2ed6c323108c2cc7f20586d6f7eb6455\tomcat-embed-core-10.1.13.jar;C:\Users\teach\.gradle\caches\modules-2\files-2.1\org.apache.tomcat.embed\tomcat-embed-el\10.1.13\22c8845f7528334905c582e48a3eeefab616b0a5\tomcat-embed-el-10.1.13.jar;C:\Users\teach\.gradle\caches\modules-2\files-2.1\io.micrometer\micrometer-observation\1.11.4\1aa2f6ba1dae42c403543bd14ea5f302d7ed6d85\micrometer-observation-1.11.4.jar;C:\Users\teach\.gradle\caches\modules-2\files-2.1\org.springframework\spring-jcl\6.0.12\44a1d1d105063d4eb9c5dc705245ef6fa4162520\spring-jcl-6.0.12.jar;C:\Users\teach\.gradle\caches\modules-2\files-2.1\org.eclipse.angus\angus-activation\2.0.1\eaafaf4eb71b400e4136fc3a286f50e34a68ecb7\angus-activation-2.0.1.jar;C:\Users\teach\.gradle\caches\modules-2\files-2.1\jakarta.activation\jakarta.activation-api\2.1.2\640c0d5aff45dbff1e1a1bc09673ff3a02b1ba12\jakarta.activation-api-2.1.2.jar;C:\Users\teach\.gradle\caches\modules-2\files-2.1\org.atteo\evo-inflector\1.3\4cf8b5f363c60e63f8b7688ac053590460f2768e\evo-inflector-1.3.jar;C:\Users\teach\.gradle\caches\modules-2\files-2.1\io.micrometer\micrometer-commons\1.11.4\6dfbbc07ecad294bffacff0648d6eaa4de78f332\micrometer-commons-1.11.4.jar;C:\Users\teach\.gradle\caches\modules-2\files-2.1\org.glassfish.jaxb\txw2\4.0.3\47b8fe31c6d1a3382203af919400527389e01e9c\txw2-4.0.3.jar;C:\Users\teach\.gradle\caches\modules-2\files-2.1\com.sun.istack\istack-commons-runtime\4.1.2\18ec117c85f3ba0ac65409136afa8e42bc74e739\istack-commons-runtime-4.1.2.jar;C:\Users\teach\.gradle\caches\modules-2\files-2.1\ch.qos.logback\logback-core\1.4.11\2f9f280219a9922a74200eaf7138c4c17fb87c0f\logback-core-1.4.11.jar;C:\Users\teach\.gradle\caches\modules-2\files-2.1\org.apache.logging.log4j\log4j-api\2.20.0\1fe6082e660daf07c689a89c94dc0f49c26b44bb\log4j-api-2.20.0.jar;C:\Users\teach\.gradle\caches\modules-2\files-2.1\org.apache.commons\commons-lang3\3.12.0\c6842c86792ff03b9f1d1fe2aab8dc23aa6c6f0e\commons-lang3-3.12.0.jar;C:\Users\teach\.gradle\caches\modules-2\files-2.1\io.swagger.core.v3\swagger-annotations-jakarta\2.2.9\63d247840bb786dd37edd9dd5f3916aba545b44\swagger-annotations-jakarta-2.2.9.jar;C:\Users\teach\.gradle\caches\modules-2\files-2.1\jakarta.validation\jakarta.validation-api\3.0.2\92b6631659ba35ca09e44874d3eb936edfeee532\jakarta.validation-api-3.0.2.jar;C:\Users\teach\.gradle\caches\modules-2\files-2.1\net.minidev\json-smart\2.4.11\cc5888f14a5768f254b97bafe8b9fd29b31e872e\json-smart-2.4.11.jar;C:\Users\teach\.gradle\caches\modules-2\files-2.1\net.minidev\accessors-smart\2.4.11\245ceca7bdf3190fbb977045c852d5f3c8efece1\accessors-smart-2.4.11.jar;C:\Users\teach\.gradle\caches\modules-2\files-2.1\org.ow2.asm\asm\9.3\8e6300ef51c1d801a7ed62d07cd221aca3a90640\asm-9.3.jar
Launcher Type: SUN_STANDARD

[Global flags]
     intx CICompilerCount                          = 3                                         {product} {ergonomic}
     uint ConcGCThreads                            = 1                                         {product} {ergonomic}
     uint G1ConcRefinementThreads                  = 4                                         {product} {ergonomic}
   size_t G1HeapRegionSize                         = 1048576                                   {product} {ergonomic}
    uintx GCDrainStackTargetSize                   = 64                                        {product} {ergonomic}
   size_t InitialHeapSize                          = 117440512                                 {product} {ergonomic}
   size_t MarkStackSize                            = 4194304                                   {product} {ergonomic}
   size_t MaxHeapSize                              = 1862270976                                {product} {ergonomic}
   size_t MaxNewSize                               = 1116733440                                {product} {ergonomic}
   size_t MinHeapDeltaBytes                        = 1048576                                   {product} {ergonomic}
   size_t MinHeapSize                              = 8388608                                   {product} {ergonomic}
    uintx NonNMethodCodeHeapSize                   = 5832780                                {pd product} {ergonomic}
    uintx NonProfiledCodeHeapSize                  = 122912730                              {pd product} {ergonomic}
    uintx ProfiledCodeHeapSize                     = 122912730                              {pd product} {ergonomic}
    uintx ReservedCodeCacheSize                    = 251658240                              {pd product} {ergonomic}
     bool SegmentedCodeCache                       = true                                      {product} {ergonomic}
   size_t SoftMaxHeapSize                          = 1862270976                             {manageable} {ergonomic}
     bool UseCompressedClassPointers               = true                           {product lp64_product} {ergonomic}
     bool UseCompressedOops                        = true                           {product lp64_product} {ergonomic}
     bool UseG1GC                                  = true                                      {product} {ergonomic}
     bool UseLargePagesIndividualAllocation        = false                                  {pd product} {ergonomic}

Logging:
Log output configuration:
 #0: stdout all=warning uptime,level,tags foldmultilines=false
 #1: stderr all=off uptime,level,tags foldmultilines=false

Environment Variables:
JAVA_HOME=C:\Program Files\Java\jdk-18.0.2
PATH=C:\Gradle\gradle-8.3-bin\gradle-8.3\bin\bin;C:\Program Files\Java\jdk-18.0.2\bin;C:\WINDOWS\system32;C:\WINDOWS;C:\WINDOWS\system32\WindowsPowerShell\v1.0;C:\Program Files\Git\cmd;C:\Program Files\nodejs\;C:\WINDOWS\System32\Wbem;C:\WINDOWS\System32\OpenSSH\;C:\Users\teach\AppData\Local\Microsoft\WindowsApps;C:\Users\teach\AppData\Local\Programs\Microsoft VS Code\bin;C:\Program Files (x86)\ZinjaI\mingw32-gcc6\bin;C:\FlexBizon\bin;C:\Users\teach\AppData\Roaming\npm;C:\Gradle\gradle-8.3-bin\gradle-8.3\bin;C:\Users\teach\AppData\Local\GitHubDesktop\bin;C:\Program Files\Java\jdk-18.0.2\bin;
USERNAME=teach
OS=Windows_NT
PROCESSOR_IDENTIFIER=AMD64 Family 21 Model 48 Stepping 1, AuthenticAMD



---------------  S Y S T E M  ---------------

OS:
 Windows 10 , 64 bit Build 19041 (10.0.19041.3570)
OS uptime: 25 days 0:51 hours

CPU: total 4 (initial active 4) (4 cores per cpu, 1 threads per core) family 21 model 48 stepping 1 microcode 0x0, cx8, cmov, fxsr, mmx, 3dnowpref, sse, sse2, sse3, ssse3, sse4a, sse4.1, sse4.2, popcnt, lzcnt, tsc, tscinvbit, avx, aes, clmul, bmi1, fma, vzeroupper, clflush

Memory: 4k page, system-wide physical 7098M (713M free)
TotalPageFile size 8122M (AvailPageFile size 5M)
current process WorkingSet (physical memory assigned to process): 54M, peak: 54M
current process commit charge ("private bytes"): 200M, peak: 201M

vm_info: Java HotSpot(TM) 64-Bit Server VM (18.0.2+9-61) for windows-amd64 JRE (18.0.2+9-61), built on Jun  7 2022 13:09:01 by "mach5one" with MS VC++ 16.8 / 16.9 (VS2019)

END.
